<?xml version="1.0" encoding="UTF-8" ?>
<testsuite tests="1" failures="1" name="com.egor.zhukovsky.phoneshop.model.search.SearchFilterTest" time="1.425" errors="0" skipped="0">
  <properties>
[...]
</properties>
  <testcase classname="com.egor.zhukovsky.phoneshop.model.search.SearchFilterTest" name="testFilteredListByQuery" time="1.425">
    <failure message="expected:&lt;Product{id=8, code=&apos;iphone13pro&apos;, description=&apos;Apple iPhone 13 Pro&apos;, price=1502.00, currency=USD, stock=100, imageUrl=&apos;https://mobistore.by/files/products/1/apple-iphone-13-pro-128gb-pr23378_9.800x600w.jpg&apos;, mainСharacteristics=MainСharacteristics{id=8, releaseYear=2021, os=&apos;AppleiOS&apos;, osVersion=&apos;AppleiOS 15&apos;, screenSize=&apos;6.1&quot;&apos;} , cameraСharacteristics=CameraСharacteristics{id=8, builtCamera=&apos;✓ 12 Мп + 12 Мп + 12 Мп&apos;, video=&apos;3840x2160 (4K UHD)  (60 кадров/с)&apos;, frontalCamera=&apos;12 Мп&apos;, diaphragm=&apos;f/2.2&apos;} , otherСharacteristics=OtherСharacteristics{id=8, audioType=&apos;lightning&apos;, battery=3125, material=&apos;металл  (нержавеющая сталь)&apos;, graphics=&apos;нет информации&apos;, core=6, cpu=&apos;Apple A15 Bionic&apos;, sim=&apos;nano-SIM, eSIM&apos;, ram=6, builtMemory=512} }&gt; but was:&lt;null&gt;" type="java.lang.AssertionError">java.lang.AssertionError: expected:&lt;Product{id=8, code=&apos;iphone13pro&apos;, description=&apos;Apple iPhone 13 Pro&apos;, price=1502.00, currency=USD, stock=100, imageUrl=&apos;https://mobistore.by/files/products/1/apple-iphone-13-pro-128gb-pr23378_9.800x600w.jpg&apos;, mainСharacteristics=MainСharacteristics{id=8, releaseYear=2021, os=&apos;AppleiOS&apos;, osVersion=&apos;AppleiOS 15&apos;, screenSize=&apos;6.1&quot;&apos;} , cameraСharacteristics=CameraСharacteristics{id=8, builtCamera=&apos;✓ 12 Мп + 12 Мп + 12 Мп&apos;, video=&apos;3840x2160 (4K UHD)  (60 кадров/с)&apos;, frontalCamera=&apos;12 Мп&apos;, diaphragm=&apos;f/2.2&apos;} , otherСharacteristics=OtherСharacteristics{id=8, audioType=&apos;lightning&apos;, battery=3125, material=&apos;металл  (нержавеющая сталь)&apos;, graphics=&apos;нет информации&apos;, core=6, cpu=&apos;Apple A15 Bionic&apos;, sim=&apos;nano-SIM, eSIM&apos;, ram=6, builtMemory=512} }&gt; but was:&lt;null&gt;
	at org.junit.Assert.fail(Assert.java:88)
	at org.junit.Assert.failNotEquals(Assert.java:834)
	at org.junit.Assert.assertEquals(Assert.java:118)
	at org.junit.Assert.assertEquals(Assert.java:144)
	at com.egor.zhukovsky.phoneshop.model.search.SearchFilterTest.testFilteredListByQuery(SearchFilterTest.java:35)
	at java.base/jdk.internal.reflect.NativeMethodAccessorImpl.invoke0(Native Method)
	at java.base/jdk.internal.reflect.NativeMethodAccessorImpl.invoke(NativeMethodAccessorImpl.java:62)
	at java.base/jdk.internal.reflect.DelegatingMethodAccessorImpl.invoke(DelegatingMethodAccessorImpl.java:43)
	at java.base/java.lang.reflect.Method.invoke(Method.java:567)
	at org.junit.runners.model.FrameworkMethod$1.runReflectiveCall(FrameworkMethod.java:50)
	at org.junit.internal.runners.model.ReflectiveCallable.run(ReflectiveCallable.java:12)
	at org.junit.runners.model.FrameworkMethod.invokeExplosively(FrameworkMethod.java:47)
	at org.junit.internal.runners.statements.InvokeMethod.evaluate(InvokeMethod.java:17)
	at org.junit.internal.runners.statements.RunBefores.evaluate(RunBefores.java:26)
	at org.junit.runners.ParentRunner.runLeaf(ParentRunner.java:325)
	at org.junit.runners.BlockJUnit4ClassRunner.runChild(BlockJUnit4ClassRunner.java:78)
	at org.junit.runners.BlockJUnit4ClassRunner.runChild(BlockJUnit4ClassRunner.java:57)
	at org.junit.runners.ParentRunner$3.run(ParentRunner.java:290)
	at org.junit.runners.ParentRunner$1.schedule(ParentRunner.java:71)
	at org.junit.runners.ParentRunner.runChildren(ParentRunner.java:288)
	at org.junit.runners.ParentRunner.access$000(ParentRunner.java:58)
	at org.junit.runners.ParentRunner$2.evaluate(ParentRunner.java:268)
	at org.junit.runners.ParentRunner.run(ParentRunner.java:363)
	at org.apache.maven.surefire.junit4.JUnit4Provider.execute(JUnit4Provider.java:252)
	at org.apache.maven.surefire.junit4.JUnit4Provider.executeTestSet(JUnit4Provider.java:141)
	at org.apache.maven.surefire.junit4.JUnit4Provider.invoke(JUnit4Provider.java:112)
	at java.base/jdk.internal.reflect.NativeMethodAccessorImpl.invoke0(Native Method)
	at java.base/jdk.internal.reflect.NativeMethodAccessorImpl.invoke(NativeMethodAccessorImpl.java:62)
	at java.base/jdk.internal.reflect.DelegatingMethodAccessorImpl.invoke(DelegatingMethodAccessorImpl.java:43)
	at java.base/java.lang.reflect.Method.invoke(Method.java:567)
	at org.apache.maven.surefire.util.ReflectionUtils.invokeMethodWithArray(ReflectionUtils.java:189)
	at org.apache.maven.surefire.booter.ProviderFactory$ProviderProxy.invoke(ProviderFactory.java:165)
	at org.apache.maven.surefire.booter.ProviderFactory.invokeProvider(ProviderFactory.java:85)
	at org.apache.maven.surefire.booter.ForkedBooter.runSuitesInProcess(ForkedBooter.java:115)
	at org.apache.maven.surefire.booter.ForkedBooter.main(ForkedBooter.java:75)
</failure>
    <system-out>Hibernate: select product0_.id as id1_4_, product0_.cameraСharacteristics_id as cameraсh8_4_, product0_.code as code2_4_, product0_.currency as currency3_4_, product0_.description as descript4_4_, product0_.imageUrl as imageurl5_4_, product0_.mainСharacteristics_id as mainсhar9_4_, product0_.otherСharacteristics_id as otherсh10_4_, product0_.price as price6_4_, product0_.stock as stock7_4_ from phone product0_
Hibernate: select cameraсhar0_.id as id1_0_0_, cameraсhar0_.builtCamera as builtcam2_0_0_, cameraсhar0_.diaphragm as diaphrag3_0_0_, cameraсhar0_.frontalCamera as frontalc4_0_0_, cameraсhar0_.video as video5_0_0_ from CameraСharacteristics cameraсhar0_ where cameraсhar0_.id=?
Hibernate: select mainсharac0_.id as id1_1_0_, mainсharac0_.os as os2_1_0_, mainсharac0_.osVersion as osversio3_1_0_, mainсharac0_.releaseYear as releasey4_1_0_, mainсharac0_.screenSize as screensi5_1_0_ from MainСharacteristics mainсharac0_ where mainсharac0_.id=?
Hibernate: select otherсhara0_.id as id1_3_0_, otherсhara0_.audioType as audiotyp2_3_0_, otherсhara0_.battery as battery3_3_0_, otherсhara0_.builtMemory as builtmem4_3_0_, otherсhara0_.core as core5_3_0_, otherсhara0_.cpu as cpu6_3_0_, otherсhara0_.graphics as graphics7_3_0_, otherсhara0_.material as material8_3_0_, otherсhara0_.ram as ram9_3_0_, otherсhara0_.sim as sim10_3_0_ from OtherСharacteristics otherсhara0_ where otherсhara0_.id=?
Hibernate: select cameraсhar0_.id as id1_0_0_, cameraсhar0_.builtCamera as builtcam2_0_0_, cameraсhar0_.diaphragm as diaphrag3_0_0_, cameraсhar0_.frontalCamera as frontalc4_0_0_, cameraсhar0_.video as video5_0_0_ from CameraСharacteristics cameraсhar0_ where cameraсhar0_.id=?
Hibernate: select mainсharac0_.id as id1_1_0_, mainсharac0_.os as os2_1_0_, mainсharac0_.osVersion as osversio3_1_0_, mainсharac0_.releaseYear as releasey4_1_0_, mainсharac0_.screenSize as screensi5_1_0_ from MainСharacteristics mainсharac0_ where mainсharac0_.id=?
Hibernate: select otherсhara0_.id as id1_3_0_, otherсhara0_.audioType as audiotyp2_3_0_, otherсhara0_.battery as battery3_3_0_, otherсhara0_.builtMemory as builtmem4_3_0_, otherсhara0_.core as core5_3_0_, otherсhara0_.cpu as cpu6_3_0_, otherсhara0_.graphics as graphics7_3_0_, otherсhara0_.material as material8_3_0_, otherсhara0_.ram as ram9_3_0_, otherсhara0_.sim as sim10_3_0_ from OtherСharacteristics otherсhara0_ where otherсhara0_.id=?
Hibernate: select cameraсhar0_.id as id1_0_0_, cameraсhar0_.builtCamera as builtcam2_0_0_, cameraсhar0_.diaphragm as diaphrag3_0_0_, cameraсhar0_.frontalCamera as frontalc4_0_0_, cameraсhar0_.video as video5_0_0_ from CameraСharacteristics cameraсhar0_ where cameraсhar0_.id=?
Hibernate: select mainсharac0_.id as id1_1_0_, mainсharac0_.os as os2_1_0_, mainсharac0_.osVersion as osversio3_1_0_, mainсharac0_.releaseYear as releasey4_1_0_, mainсharac0_.screenSize as screensi5_1_0_ from MainСharacteristics mainсharac0_ where mainсharac0_.id=?
Hibernate: select otherсhara0_.id as id1_3_0_, otherсhara0_.audioType as audiotyp2_3_0_, otherсhara0_.battery as battery3_3_0_, otherсhara0_.builtMemory as builtmem4_3_0_, otherсhara0_.core as core5_3_0_, otherсhara0_.cpu as cpu6_3_0_, otherсhara0_.graphics as graphics7_3_0_, otherсhara0_.material as material8_3_0_, otherсhara0_.ram as ram9_3_0_, otherсhara0_.sim as sim10_3_0_ from OtherСharacteristics otherсhara0_ where otherсhara0_.id=?
Hibernate: select cameraсhar0_.id as id1_0_0_, cameraсhar0_.builtCamera as builtcam2_0_0_, cameraсhar0_.diaphragm as diaphrag3_0_0_, cameraсhar0_.frontalCamera as frontalc4_0_0_, cameraсhar0_.video as video5_0_0_ from CameraСharacteristics cameraсhar0_ where cameraсhar0_.id=?
Hibernate: select mainсharac0_.id as id1_1_0_, mainсharac0_.os as os2_1_0_, mainсharac0_.osVersion as osversio3_1_0_, mainсharac0_.releaseYear as releasey4_1_0_, mainсharac0_.screenSize as screensi5_1_0_ from MainСharacteristics mainсharac0_ where mainсharac0_.id=?
Hibernate: select otherсhara0_.id as id1_3_0_, otherсhara0_.audioType as audiotyp2_3_0_, otherсhara0_.battery as battery3_3_0_, otherсhara0_.builtMemory as builtmem4_3_0_, otherсhara0_.core as core5_3_0_, otherсhara0_.cpu as cpu6_3_0_, otherсhara0_.graphics as graphics7_3_0_, otherсhara0_.material as material8_3_0_, otherсhara0_.ram as ram9_3_0_, otherсhara0_.sim as sim10_3_0_ from OtherСharacteristics otherсhara0_ where otherсhara0_.id=?
Hibernate: select cameraсhar0_.id as id1_0_0_, cameraсhar0_.builtCamera as builtcam2_0_0_, cameraсhar0_.diaphragm as diaphrag3_0_0_, cameraсhar0_.frontalCamera as frontalc4_0_0_, cameraсhar0_.video as video5_0_0_ from CameraСharacteristics cameraсhar0_ where cameraсhar0_.id=?
Hibernate: select mainсharac0_.id as id1_1_0_, mainсharac0_.os as os2_1_0_, mainсharac0_.osVersion as osversio3_1_0_, mainсharac0_.releaseYear as releasey4_1_0_, mainсharac0_.screenSize as screensi5_1_0_ from MainСharacteristics mainсharac0_ where mainсharac0_.id=?
Hibernate: select otherсhara0_.id as id1_3_0_, otherсhara0_.audioType as audiotyp2_3_0_, otherсhara0_.battery as battery3_3_0_, otherсhara0_.builtMemory as builtmem4_3_0_, otherсhara0_.core as core5_3_0_, otherсhara0_.cpu as cpu6_3_0_, otherсhara0_.graphics as graphics7_3_0_, otherсhara0_.material as material8_3_0_, otherсhara0_.ram as ram9_3_0_, otherсhara0_.sim as sim10_3_0_ from OtherСharacteristics otherсhara0_ where otherсhara0_.id=?
Hibernate: select cameraсhar0_.id as id1_0_0_, cameraсhar0_.builtCamera as builtcam2_0_0_, cameraсhar0_.diaphragm as diaphrag3_0_0_, cameraсhar0_.frontalCamera as frontalc4_0_0_, cameraсhar0_.video as video5_0_0_ from CameraСharacteristics cameraсhar0_ where cameraсhar0_.id=?
Hibernate: select mainсharac0_.id as id1_1_0_, mainсharac0_.os as os2_1_0_, mainсharac0_.osVersion as osversio3_1_0_, mainсharac0_.releaseYear as releasey4_1_0_, mainсharac0_.screenSize as screensi5_1_0_ from MainСharacteristics mainсharac0_ where mainсharac0_.id=?
Hibernate: select otherсhara0_.id as id1_3_0_, otherсhara0_.audioType as audiotyp2_3_0_, otherсhara0_.battery as battery3_3_0_, otherсhara0_.builtMemory as builtmem4_3_0_, otherсhara0_.core as core5_3_0_, otherсhara0_.cpu as cpu6_3_0_, otherсhara0_.graphics as graphics7_3_0_, otherсhara0_.material as material8_3_0_, otherсhara0_.ram as ram9_3_0_, otherсhara0_.sim as sim10_3_0_ from OtherСharacteristics otherсhara0_ where otherсhara0_.id=?
Hibernate: select cameraсhar0_.id as id1_0_0_, cameraсhar0_.builtCamera as builtcam2_0_0_, cameraсhar0_.diaphragm as diaphrag3_0_0_, cameraсhar0_.frontalCamera as frontalc4_0_0_, cameraсhar0_.video as video5_0_0_ from CameraСharacteristics cameraсhar0_ where cameraсhar0_.id=?
Hibernate: select mainсharac0_.id as id1_1_0_, mainсharac0_.os as os2_1_0_, mainсharac0_.osVersion as osversio3_1_0_, mainсharac0_.releaseYear as releasey4_1_0_, mainсharac0_.screenSize as screensi5_1_0_ from MainСharacteristics mainсharac0_ where mainсharac0_.id=?
Hibernate: select otherсhara0_.id as id1_3_0_, otherсhara0_.audioType as audiotyp2_3_0_, otherсhara0_.battery as battery3_3_0_, otherсhara0_.builtMemory as builtmem4_3_0_, otherсhara0_.core as core5_3_0_, otherсhara0_.cpu as cpu6_3_0_, otherсhara0_.graphics as graphics7_3_0_, otherсhara0_.material as material8_3_0_, otherсhara0_.ram as ram9_3_0_, otherсhara0_.sim as sim10_3_0_ from OtherСharacteristics otherсhara0_ where otherсhara0_.id=?
Hibernate: select cameraсhar0_.id as id1_0_0_, cameraсhar0_.builtCamera as builtcam2_0_0_, cameraсhar0_.diaphragm as diaphrag3_0_0_, cameraсhar0_.frontalCamera as frontalc4_0_0_, cameraсhar0_.video as video5_0_0_ from CameraСharacteristics cameraсhar0_ where cameraсhar0_.id=?
Hibernate: select mainсharac0_.id as id1_1_0_, mainсharac0_.os as os2_1_0_, mainсharac0_.osVersion as osversio3_1_0_, mainсharac0_.releaseYear as releasey4_1_0_, mainсharac0_.screenSize as screensi5_1_0_ from MainСharacteristics mainсharac0_ where mainсharac0_.id=?
Hibernate: select otherсhara0_.id as id1_3_0_, otherсhara0_.audioType as audiotyp2_3_0_, otherсhara0_.battery as battery3_3_0_, otherсhara0_.builtMemory as builtmem4_3_0_, otherсhara0_.core as core5_3_0_, otherсhara0_.cpu as cpu6_3_0_, otherсhara0_.graphics as graphics7_3_0_, otherсhara0_.material as material8_3_0_, otherсhara0_.ram as ram9_3_0_, otherсhara0_.sim as sim10_3_0_ from OtherСharacteristics otherсhara0_ where otherсhara0_.id=?
Hibernate: select cameraсhar0_.id as id1_0_0_, cameraсhar0_.builtCamera as builtcam2_0_0_, cameraсhar0_.diaphragm as diaphrag3_0_0_, cameraсhar0_.frontalCamera as frontalc4_0_0_, cameraсhar0_.video as video5_0_0_ from CameraСharacteristics cameraсhar0_ where cameraсhar0_.id=?
Hibernate: select mainсharac0_.id as id1_1_0_, mainсharac0_.os as os2_1_0_, mainсharac0_.osVersion as osversio3_1_0_, mainсharac0_.releaseYear as releasey4_1_0_, mainсharac0_.screenSize as screensi5_1_0_ from MainСharacteristics mainсharac0_ where mainсharac0_.id=?
Hibernate: select otherсhara0_.id as id1_3_0_, otherсhara0_.audioType as audiotyp2_3_0_, otherсhara0_.battery as battery3_3_0_, otherсhara0_.builtMemory as builtmem4_3_0_, otherсhara0_.core as core5_3_0_, otherсhara0_.cpu as cpu6_3_0_, otherсhara0_.graphics as graphics7_3_0_, otherсhara0_.material as material8_3_0_, otherсhara0_.ram as ram9_3_0_, otherсhara0_.sim as sim10_3_0_ from OtherСharacteristics otherсhara0_ where otherсhara0_.id=?
Hibernate: select cameraсhar0_.id as id1_0_0_, cameraсhar0_.builtCamera as builtcam2_0_0_, cameraсhar0_.diaphragm as diaphrag3_0_0_, cameraсhar0_.frontalCamera as frontalc4_0_0_, cameraсhar0_.video as video5_0_0_ from CameraСharacteristics cameraсhar0_ where cameraсhar0_.id=?
Hibernate: select mainсharac0_.id as id1_1_0_, mainсharac0_.os as os2_1_0_, mainсharac0_.osVersion as osversio3_1_0_, mainсharac0_.releaseYear as releasey4_1_0_, mainсharac0_.screenSize as screensi5_1_0_ from MainСharacteristics mainсharac0_ where mainсharac0_.id=?
Hibernate: select otherсhara0_.id as id1_3_0_, otherсhara0_.audioType as audiotyp2_3_0_, otherсhara0_.battery as battery3_3_0_, otherсhara0_.builtMemory as builtmem4_3_0_, otherсhara0_.core as core5_3_0_, otherсhara0_.cpu as cpu6_3_0_, otherсhara0_.graphics as graphics7_3_0_, otherсhara0_.material as material8_3_0_, otherсhara0_.ram as ram9_3_0_, otherсhara0_.sim as sim10_3_0_ from OtherСharacteristics otherсhara0_ where otherсhara0_.id=?
Hibernate: select cameraсhar0_.id as id1_0_0_, cameraсhar0_.builtCamera as builtcam2_0_0_, cameraсhar0_.diaphragm as diaphrag3_0_0_, cameraсhar0_.frontalCamera as frontalc4_0_0_, cameraсhar0_.video as video5_0_0_ from CameraСharacteristics cameraсhar0_ where cameraсhar0_.id=?
Hibernate: select mainсharac0_.id as id1_1_0_, mainсharac0_.os as os2_1_0_, mainсharac0_.osVersion as osversio3_1_0_, mainсharac0_.releaseYear as releasey4_1_0_, mainсharac0_.screenSize as screensi5_1_0_ from MainСharacteristics mainсharac0_ where mainсharac0_.id=?
Hibernate: select otherсhara0_.id as id1_3_0_, otherсhara0_.audioType as audiotyp2_3_0_, otherсhara0_.battery as battery3_3_0_, otherсhara0_.builtMemory as builtmem4_3_0_, otherсhara0_.core as core5_3_0_, otherсhara0_.cpu as cpu6_3_0_, otherсhara0_.graphics as graphics7_3_0_, otherсhara0_.material as material8_3_0_, otherсhara0_.ram as ram9_3_0_, otherсhara0_.sim as sim10_3_0_ from OtherСharacteristics otherсhara0_ where otherсhara0_.id=?
Hibernate: select product0_.id as id1_4_, product0_.cameraСharacteristics_id as cameraсh8_4_, product0_.code as code2_4_, product0_.currency as currency3_4_, product0_.description as descript4_4_, product0_.imageUrl as imageurl5_4_, product0_.mainСharacteristics_id as mainсhar9_4_, product0_.otherСharacteristics_id as otherсh10_4_, product0_.price as price6_4_, product0_.stock as stock7_4_ from phone product0_ where product0_.code=?
Hibernate: select product0_.id as id1_4_, product0_.cameraСharacteristics_id as cameraсh8_4_, product0_.code as code2_4_, product0_.currency as currency3_4_, product0_.description as descript4_4_, product0_.imageUrl as imageurl5_4_, product0_.mainСharacteristics_id as mainсhar9_4_, product0_.otherСharacteristics_id as otherсh10_4_, product0_.price as price6_4_, product0_.stock as stock7_4_ from phone product0_ where product0_.code=?
</system-out>
  </testcase>
</testsuite>