<?xml version="1.0" encoding="UTF-8" ?>
<testsuite tests="6" failures="2" name="com.egor.zhukovsky.phoneshop.dao.impl.AbstractDaoTest" time="14.133" errors="4" skipped="0">
  <properties>
[...]
</properties>
  <testcase classname="com.egor.zhukovsky.phoneshop.dao.impl.AbstractDaoTest" name="testGetObjectById" time="7.783">
    <error type="java.lang.NullPointerException">java.lang.NullPointerException
	at com.egor.zhukovsky.phoneshop.dao.impl.AbstractDao.get(AbstractDao.java:27)
	at com.egor.zhukovsky.phoneshop.dao.impl.AbstractDaoTest.testGetObjectById(AbstractDaoTest.java:67)
	at java.base/jdk.internal.reflect.NativeMethodAccessorImpl.invoke0(Native Method)
	at java.base/jdk.internal.reflect.NativeMethodAccessorImpl.invoke(NativeMethodAccessorImpl.java:62)
	at java.base/jdk.internal.reflect.DelegatingMethodAccessorImpl.invoke(DelegatingMethodAccessorImpl.java:43)
	at java.base/java.lang.reflect.Method.invoke(Method.java:567)
	at org.junit.runners.model.FrameworkMethod$1.runReflectiveCall(FrameworkMethod.java:50)
	at org.junit.internal.runners.model.ReflectiveCallable.run(ReflectiveCallable.java:12)
	at org.junit.runners.model.FrameworkMethod.invokeExplosively(FrameworkMethod.java:47)
	at org.junit.internal.runners.statements.InvokeMethod.evaluate(InvokeMethod.java:17)
	at org.junit.internal.runners.statements.RunBefores.evaluate(RunBefores.java:26)
	at org.junit.internal.runners.statements.RunAfters.evaluate(RunAfters.java:27)
	at org.junit.runners.ParentRunner.runLeaf(ParentRunner.java:325)
	at org.junit.runners.BlockJUnit4ClassRunner.runChild(BlockJUnit4ClassRunner.java:78)
	at org.junit.runners.BlockJUnit4ClassRunner.runChild(BlockJUnit4ClassRunner.java:57)
	at org.junit.runners.ParentRunner$3.run(ParentRunner.java:290)
	at org.junit.runners.ParentRunner$1.schedule(ParentRunner.java:71)
	at org.junit.runners.ParentRunner.runChildren(ParentRunner.java:288)
	at org.junit.runners.ParentRunner.access$000(ParentRunner.java:58)
	at org.junit.runners.ParentRunner$2.evaluate(ParentRunner.java:268)
	at org.junit.runners.ParentRunner.run(ParentRunner.java:363)
	at org.mockito.internal.runners.DefaultInternalRunner$1.run(DefaultInternalRunner.java:79)
	at org.mockito.internal.runners.DefaultInternalRunner.run(DefaultInternalRunner.java:85)
	at org.mockito.internal.runners.StrictRunner.run(StrictRunner.java:39)
	at org.mockito.junit.MockitoJUnitRunner.run(MockitoJUnitRunner.java:163)
	at org.apache.maven.surefire.junit4.JUnit4Provider.execute(JUnit4Provider.java:252)
	at org.apache.maven.surefire.junit4.JUnit4Provider.executeTestSet(JUnit4Provider.java:141)
	at org.apache.maven.surefire.junit4.JUnit4Provider.invoke(JUnit4Provider.java:112)
	at java.base/jdk.internal.reflect.NativeMethodAccessorImpl.invoke0(Native Method)
	at java.base/jdk.internal.reflect.NativeMethodAccessorImpl.invoke(NativeMethodAccessorImpl.java:62)
	at java.base/jdk.internal.reflect.DelegatingMethodAccessorImpl.invoke(DelegatingMethodAccessorImpl.java:43)
	at java.base/java.lang.reflect.Method.invoke(Method.java:567)
	at org.apache.maven.surefire.util.ReflectionUtils.invokeMethodWithArray(ReflectionUtils.java:189)
	at org.apache.maven.surefire.booter.ProviderFactory$ProviderProxy.invoke(ProviderFactory.java:165)
	at org.apache.maven.surefire.booter.ProviderFactory.invokeProvider(ProviderFactory.java:85)
	at org.apache.maven.surefire.booter.ForkedBooter.runSuitesInProcess(ForkedBooter.java:115)
	at org.apache.maven.surefire.booter.ForkedBooter.main(ForkedBooter.java:75)
</error>
    <system-out>Hibernate: create table CameraСharacteristics (id  bigserial not null, builtCamera varchar(255), diaphragm varchar(255), frontalCamera varchar(255), video varchar(255), primary key (id))
Hibernate: create table MainСharacteristics (id  bigserial not null, os varchar(255), osVersion varchar(255), releaseYear int4, screenSize varchar(255), primary key (id))
Hibernate: create table OtherСharacteristics (id  bigserial not null, audioType varchar(255), battery int4 not null, builtMemory int4 not null, core int4 not null, cpu varchar(255), graphics varchar(255), material varchar(255), ram int4 not null, sim varchar(255), primary key (id))
</system-out>
    <system-err>мая 02, 2022 10:16:13 PM org.hibernate.Version logVersion
INFO: HHH000412: Hibernate ORM core version 5.6.5.Final
мая 02, 2022 10:16:15 PM org.hibernate.annotations.common.reflection.java.JavaReflectionManager &lt;clinit&gt;
INFO: HCANN000001: Hibernate Commons Annotations {5.1.2.Final}
мая 02, 2022 10:16:16 PM org.hibernate.engine.jdbc.connections.internal.DriverManagerConnectionProviderImpl configure
WARN: HHH10001002: Using Hibernate built-in connection pool (not for production use!)
мая 02, 2022 10:16:16 PM org.hibernate.engine.jdbc.connections.internal.DriverManagerConnectionProviderImpl buildCreator
INFO: HHH10001005: using driver [org.postgresql.Driver] at URL [jdbc:postgresql://ec2-34-253-29-48.eu-west-1.compute.amazonaws.com:5432/demia3lvn2e6co?sslmode=require]
мая 02, 2022 10:16:16 PM org.hibernate.engine.jdbc.connections.internal.DriverManagerConnectionProviderImpl buildCreator
INFO: HHH10001001: Connection properties: {password=****, user=mtfrbeaavozppl}
мая 02, 2022 10:16:16 PM org.hibernate.engine.jdbc.connections.internal.DriverManagerConnectionProviderImpl buildCreator
INFO: HHH10001003: Autocommit mode: false
мая 02, 2022 10:16:16 PM org.hibernate.engine.jdbc.connections.internal.DriverManagerConnectionProviderImpl$PooledConnections &lt;init&gt;
INFO: HHH000115: Hibernate connection pool size: 20 (min=1)
мая 02, 2022 10:16:18 PM org.hibernate.dialect.Dialect &lt;init&gt;
INFO: HHH000400: Using dialect: org.hibernate.dialect.PostgreSQL94Dialect
мая 02, 2022 10:16:19 PM org.hibernate.resource.transaction.backend.jdbc.internal.DdlTransactionIsolatorNonJtaImpl getIsolatedConnection
INFO: HHH10001501: Connection obtained from JdbcConnectionAccess [org.hibernate.engine.jdbc.env.internal.JdbcEnvironmentInitiator$ConnectionProviderJdbcConnectionAccess@66e21568] for (non-JTA) DDL execution was not in auto-commit mode; the Connection &apos;local transaction&apos; will be committed and the Connection will be set into auto-commit mode.
мая 02, 2022 10:16:20 PM org.hibernate.tool.schema.internal.ExceptionHandlerLoggedImpl handleException
WARN: GenerationTarget encountered exception accepting command : Error executing DDL &quot;create table CameraСharacteristics (id  bigserial not null, builtCamera varchar(255), diaphragm varchar(255), frontalCamera varchar(255), video varchar(255), primary key (id))&quot; via JDBC Statement
org.hibernate.tool.schema.spi.CommandAcceptanceException: Error executing DDL &quot;create table CameraСharacteristics (id  bigserial not null, builtCamera varchar(255), diaphragm varchar(255), frontalCamera varchar(255), video varchar(255), primary key (id))&quot; via JDBC Statement
	at org.hibernate.tool.schema.internal.exec.GenerationTargetToDatabase.accept(GenerationTargetToDatabase.java:67)
	at org.hibernate.tool.schema.internal.AbstractSchemaMigrator.applySqlString(AbstractSchemaMigrator.java:581)
	at org.hibernate.tool.schema.internal.AbstractSchemaMigrator.applySqlStrings(AbstractSchemaMigrator.java:526)
	at org.hibernate.tool.schema.internal.AbstractSchemaMigrator.createTable(AbstractSchemaMigrator.java:293)
	at org.hibernate.tool.schema.internal.GroupedSchemaMigratorImpl.performTablesMigration(GroupedSchemaMigratorImpl.java:74)
	at org.hibernate.tool.schema.internal.AbstractSchemaMigrator.performMigration(AbstractSchemaMigrator.java:220)
	at org.hibernate.tool.schema.internal.AbstractSchemaMigrator.doMigration(AbstractSchemaMigrator.java:123)
	at org.hibernate.tool.schema.spi.SchemaManagementToolCoordinator.performDatabaseAction(SchemaManagementToolCoordinator.java:192)
	at org.hibernate.tool.schema.spi.SchemaManagementToolCoordinator.process(SchemaManagementToolCoordinator.java:81)
	at org.hibernate.internal.SessionFactoryImpl.&lt;init&gt;(SessionFactoryImpl.java:335)
	at org.hibernate.boot.internal.SessionFactoryBuilderImpl.build(SessionFactoryBuilderImpl.java:471)
	at org.hibernate.boot.internal.MetadataImpl.buildSessionFactory(MetadataImpl.java:200)
	at com.egor.zhukovsky.phoneshop.config.HibernateSessionFactory.buildSessionFactory(HibernateSessionFactory.java:17)
	at com.egor.zhukovsky.phoneshop.config.HibernateSessionFactory.&lt;clinit&gt;(HibernateSessionFactory.java:9)
	at com.egor.zhukovsky.phoneshop.dao.impl.AbstractDao.get(AbstractDao.java:22)
	at com.egor.zhukovsky.phoneshop.dao.impl.AbstractDao$MockitoMock$355885397.get$accessor$hCIraQcn(Unknown Source)
	at com.egor.zhukovsky.phoneshop.dao.impl.AbstractDao$MockitoMock$355885397$auxiliary$6zcp4W4l.call(Unknown Source)
	at org.mockito.internal.invocation.RealMethod$FromCallable$1.call(RealMethod.java:40)
	at org.mockito.internal.invocation.RealMethod$FromBehavior.invoke(RealMethod.java:62)
	at org.mockito.internal.invocation.InterceptedInvocation.callRealMethod(InterceptedInvocation.java:127)
	at org.mockito.internal.stubbing.answers.CallsRealMethods.answer(CallsRealMethods.java:43)
	at org.mockito.Answers.answer(Answers.java:100)
	at org.mockito.internal.handler.MockHandlerImpl.handle(MockHandlerImpl.java:103)
	at org.mockito.internal.handler.NullResultGuardian.handle(NullResultGuardian.java:29)
	at org.mockito.internal.handler.InvocationNotifierHandler.handle(InvocationNotifierHandler.java:35)
	at org.mockito.internal.creation.bytebuddy.MockMethodInterceptor.doIntercept(MockMethodInterceptor.java:63)
	at org.mockito.internal.creation.bytebuddy.MockMethodInterceptor.doIntercept(MockMethodInterceptor.java:49)
	at org.mockito.internal.creation.bytebuddy.MockMethodInterceptor$DispatcherDefaultingToRealMethod.interceptSuperCallable(MockMethodInterceptor.java:110)
	at com.egor.zhukovsky.phoneshop.dao.impl.AbstractDao$MockitoMock$355885397.get(Unknown Source)
	at com.egor.zhukovsky.phoneshop.dao.impl.AbstractDaoTest.testGetObjectById(AbstractDaoTest.java:67)
	at java.base/jdk.internal.reflect.NativeMethodAccessorImpl.invoke0(Native Method)
	at java.base/jdk.internal.reflect.NativeMethodAccessorImpl.invoke(NativeMethodAccessorImpl.java:62)
	at java.base/jdk.internal.reflect.DelegatingMethodAccessorImpl.invoke(DelegatingMethodAccessorImpl.java:43)
	at java.base/java.lang.reflect.Method.invoke(Method.java:567)
	at org.junit.runners.model.FrameworkMethod$1.runReflectiveCall(FrameworkMethod.java:50)
	at org.junit.internal.runners.model.ReflectiveCallable.run(ReflectiveCallable.java:12)
	at org.junit.runners.model.FrameworkMethod.invokeExplosively(FrameworkMethod.java:47)
	at org.junit.internal.runners.statements.InvokeMethod.evaluate(InvokeMethod.java:17)
	at org.junit.internal.runners.statements.RunBefores.evaluate(RunBefores.java:26)
	at org.junit.internal.runners.statements.RunAfters.evaluate(RunAfters.java:27)
	at org.junit.runners.ParentRunner.runLeaf(ParentRunner.java:325)
	at org.junit.runners.BlockJUnit4ClassRunner.runChild(BlockJUnit4ClassRunner.java:78)
	at org.junit.runners.BlockJUnit4ClassRunner.runChild(BlockJUnit4ClassRunner.java:57)
	at org.junit.runners.ParentRunner$3.run(ParentRunner.java:290)
	at org.junit.runners.ParentRunner$1.schedule(ParentRunner.java:71)
	at org.junit.runners.ParentRunner.runChildren(ParentRunner.java:288)
	at org.junit.runners.ParentRunner.access$000(ParentRunner.java:58)
	at org.junit.runners.ParentRunner$2.evaluate(ParentRunner.java:268)
	at org.junit.runners.ParentRunner.run(ParentRunner.java:363)
	at org.mockito.internal.runners.DefaultInternalRunner$1.run(DefaultInternalRunner.java:79)
	at org.mockito.internal.runners.DefaultInternalRunner.run(DefaultInternalRunner.java:85)
	at org.mockito.internal.runners.StrictRunner.run(StrictRunner.java:39)
	at org.mockito.junit.MockitoJUnitRunner.run(MockitoJUnitRunner.java:163)
	at org.apache.maven.surefire.junit4.JUnit4Provider.execute(JUnit4Provider.java:252)
	at org.apache.maven.surefire.junit4.JUnit4Provider.executeTestSet(JUnit4Provider.java:141)
	at org.apache.maven.surefire.junit4.JUnit4Provider.invoke(JUnit4Provider.java:112)
	at java.base/jdk.internal.reflect.NativeMethodAccessorImpl.invoke0(Native Method)
	at java.base/jdk.internal.reflect.NativeMethodAccessorImpl.invoke(NativeMethodAccessorImpl.java:62)
	at java.base/jdk.internal.reflect.DelegatingMethodAccessorImpl.invoke(DelegatingMethodAccessorImpl.java:43)
	at java.base/java.lang.reflect.Method.invoke(Method.java:567)
	at org.apache.maven.surefire.util.ReflectionUtils.invokeMethodWithArray(ReflectionUtils.java:189)
	at org.apache.maven.surefire.booter.ProviderFactory$ProviderProxy.invoke(ProviderFactory.java:165)
	at org.apache.maven.surefire.booter.ProviderFactory.invokeProvider(ProviderFactory.java:85)
	at org.apache.maven.surefire.booter.ForkedBooter.runSuitesInProcess(ForkedBooter.java:115)
	at org.apache.maven.surefire.booter.ForkedBooter.main(ForkedBooter.java:75)
Caused by: org.postgresql.util.PSQLException: ERROR: relation &quot;cameraСharacteristics&quot; already exists
	at org.postgresql.core.v3.QueryExecutorImpl.receiveErrorResponse(QueryExecutorImpl.java:2675)
	at org.postgresql.core.v3.QueryExecutorImpl.processResults(QueryExecutorImpl.java:2365)
	at org.postgresql.core.v3.QueryExecutorImpl.execute(QueryExecutorImpl.java:355)
	at org.postgresql.jdbc.PgStatement.executeInternal(PgStatement.java:490)
	at org.postgresql.jdbc.PgStatement.execute(PgStatement.java:408)
	at org.postgresql.jdbc.PgStatement.executeWithFlags(PgStatement.java:329)
	at org.postgresql.jdbc.PgStatement.executeCachedSql(PgStatement.java:315)
	at org.postgresql.jdbc.PgStatement.executeWithFlags(PgStatement.java:291)
	at org.postgresql.jdbc.PgStatement.execute(PgStatement.java:286)
	at org.hibernate.tool.schema.internal.exec.GenerationTargetToDatabase.accept(GenerationTargetToDatabase.java:54)
	... 64 more

мая 02, 2022 10:16:20 PM org.hibernate.tool.schema.internal.ExceptionHandlerLoggedImpl handleException
WARN: GenerationTarget encountered exception accepting command : Error executing DDL &quot;create table MainСharacteristics (id  bigserial not null, os varchar(255), osVersion varchar(255), releaseYear int4, screenSize varchar(255), primary key (id))&quot; via JDBC Statement
org.hibernate.tool.schema.spi.CommandAcceptanceException: Error executing DDL &quot;create table MainСharacteristics (id  bigserial not null, os varchar(255), osVersion varchar(255), releaseYear int4, screenSize varchar(255), primary key (id))&quot; via JDBC Statement
	at org.hibernate.tool.schema.internal.exec.GenerationTargetToDatabase.accept(GenerationTargetToDatabase.java:67)
	at org.hibernate.tool.schema.internal.AbstractSchemaMigrator.applySqlString(AbstractSchemaMigrator.java:581)
	at org.hibernate.tool.schema.internal.AbstractSchemaMigrator.applySqlStrings(AbstractSchemaMigrator.java:526)
	at org.hibernate.tool.schema.internal.AbstractSchemaMigrator.createTable(AbstractSchemaMigrator.java:293)
	at org.hibernate.tool.schema.internal.GroupedSchemaMigratorImpl.performTablesMigration(GroupedSchemaMigratorImpl.java:74)
	at org.hibernate.tool.schema.internal.AbstractSchemaMigrator.performMigration(AbstractSchemaMigrator.java:220)
	at org.hibernate.tool.schema.internal.AbstractSchemaMigrator.doMigration(AbstractSchemaMigrator.java:123)
	at org.hibernate.tool.schema.spi.SchemaManagementToolCoordinator.performDatabaseAction(SchemaManagementToolCoordinator.java:192)
	at org.hibernate.tool.schema.spi.SchemaManagementToolCoordinator.process(SchemaManagementToolCoordinator.java:81)
	at org.hibernate.internal.SessionFactoryImpl.&lt;init&gt;(SessionFactoryImpl.java:335)
	at org.hibernate.boot.internal.SessionFactoryBuilderImpl.build(SessionFactoryBuilderImpl.java:471)
	at org.hibernate.boot.internal.MetadataImpl.buildSessionFactory(MetadataImpl.java:200)
	at com.egor.zhukovsky.phoneshop.config.HibernateSessionFactory.buildSessionFactory(HibernateSessionFactory.java:17)
	at com.egor.zhukovsky.phoneshop.config.HibernateSessionFactory.&lt;clinit&gt;(HibernateSessionFactory.java:9)
	at com.egor.zhukovsky.phoneshop.dao.impl.AbstractDao.get(AbstractDao.java:22)
	at com.egor.zhukovsky.phoneshop.dao.impl.AbstractDao$MockitoMock$355885397.get$accessor$hCIraQcn(Unknown Source)
	at com.egor.zhukovsky.phoneshop.dao.impl.AbstractDao$MockitoMock$355885397$auxiliary$6zcp4W4l.call(Unknown Source)
	at org.mockito.internal.invocation.RealMethod$FromCallable$1.call(RealMethod.java:40)
	at org.mockito.internal.invocation.RealMethod$FromBehavior.invoke(RealMethod.java:62)
	at org.mockito.internal.invocation.InterceptedInvocation.callRealMethod(InterceptedInvocation.java:127)
	at org.mockito.internal.stubbing.answers.CallsRealMethods.answer(CallsRealMethods.java:43)
	at org.mockito.Answers.answer(Answers.java:100)
	at org.mockito.internal.handler.MockHandlerImpl.handle(MockHandlerImpl.java:103)
	at org.mockito.internal.handler.NullResultGuardian.handle(NullResultGuardian.java:29)
	at org.mockito.internal.handler.InvocationNotifierHandler.handle(InvocationNotifierHandler.java:35)
	at org.mockito.internal.creation.bytebuddy.MockMethodInterceptor.doIntercept(MockMethodInterceptor.java:63)
	at org.mockito.internal.creation.bytebuddy.MockMethodInterceptor.doIntercept(MockMethodInterceptor.java:49)
	at org.mockito.internal.creation.bytebuddy.MockMethodInterceptor$DispatcherDefaultingToRealMethod.interceptSuperCallable(MockMethodInterceptor.java:110)
	at com.egor.zhukovsky.phoneshop.dao.impl.AbstractDao$MockitoMock$355885397.get(Unknown Source)
	at com.egor.zhukovsky.phoneshop.dao.impl.AbstractDaoTest.testGetObjectById(AbstractDaoTest.java:67)
	at java.base/jdk.internal.reflect.NativeMethodAccessorImpl.invoke0(Native Method)
	at java.base/jdk.internal.reflect.NativeMethodAccessorImpl.invoke(NativeMethodAccessorImpl.java:62)
	at java.base/jdk.internal.reflect.DelegatingMethodAccessorImpl.invoke(DelegatingMethodAccessorImpl.java:43)
	at java.base/java.lang.reflect.Method.invoke(Method.java:567)
	at org.junit.runners.model.FrameworkMethod$1.runReflectiveCall(FrameworkMethod.java:50)
	at org.junit.internal.runners.model.ReflectiveCallable.run(ReflectiveCallable.java:12)
	at org.junit.runners.model.FrameworkMethod.invokeExplosively(FrameworkMethod.java:47)
	at org.junit.internal.runners.statements.InvokeMethod.evaluate(InvokeMethod.java:17)
	at org.junit.internal.runners.statements.RunBefores.evaluate(RunBefores.java:26)
	at org.junit.internal.runners.statements.RunAfters.evaluate(RunAfters.java:27)
	at org.junit.runners.ParentRunner.runLeaf(ParentRunner.java:325)
	at org.junit.runners.BlockJUnit4ClassRunner.runChild(BlockJUnit4ClassRunner.java:78)
	at org.junit.runners.BlockJUnit4ClassRunner.runChild(BlockJUnit4ClassRunner.java:57)
	at org.junit.runners.ParentRunner$3.run(ParentRunner.java:290)
	at org.junit.runners.ParentRunner$1.schedule(ParentRunner.java:71)
	at org.junit.runners.ParentRunner.runChildren(ParentRunner.java:288)
	at org.junit.runners.ParentRunner.access$000(ParentRunner.java:58)
	at org.junit.runners.ParentRunner$2.evaluate(ParentRunner.java:268)
	at org.junit.runners.ParentRunner.run(ParentRunner.java:363)
	at org.mockito.internal.runners.DefaultInternalRunner$1.run(DefaultInternalRunner.java:79)
	at org.mockito.internal.runners.DefaultInternalRunner.run(DefaultInternalRunner.java:85)
	at org.mockito.internal.runners.StrictRunner.run(StrictRunner.java:39)
	at org.mockito.junit.MockitoJUnitRunner.run(MockitoJUnitRunner.java:163)
	at org.apache.maven.surefire.junit4.JUnit4Provider.execute(JUnit4Provider.java:252)
	at org.apache.maven.surefire.junit4.JUnit4Provider.executeTestSet(JUnit4Provider.java:141)
	at org.apache.maven.surefire.junit4.JUnit4Provider.invoke(JUnit4Provider.java:112)
	at java.base/jdk.internal.reflect.NativeMethodAccessorImpl.invoke0(Native Method)
	at java.base/jdk.internal.reflect.NativeMethodAccessorImpl.invoke(NativeMethodAccessorImpl.java:62)
	at java.base/jdk.internal.reflect.DelegatingMethodAccessorImpl.invoke(DelegatingMethodAccessorImpl.java:43)
	at java.base/java.lang.reflect.Method.invoke(Method.java:567)
	at org.apache.maven.surefire.util.ReflectionUtils.invokeMethodWithArray(ReflectionUtils.java:189)
	at org.apache.maven.surefire.booter.ProviderFactory$ProviderProxy.invoke(ProviderFactory.java:165)
	at org.apache.maven.surefire.booter.ProviderFactory.invokeProvider(ProviderFactory.java:85)
	at org.apache.maven.surefire.booter.ForkedBooter.runSuitesInProcess(ForkedBooter.java:115)
	at org.apache.maven.surefire.booter.ForkedBooter.main(ForkedBooter.java:75)
Caused by: org.postgresql.util.PSQLException: ERROR: relation &quot;mainСharacteristics&quot; already exists
	at org.postgresql.core.v3.QueryExecutorImpl.receiveErrorResponse(QueryExecutorImpl.java:2675)
	at org.postgresql.core.v3.QueryExecutorImpl.processResults(QueryExecutorImpl.java:2365)
	at org.postgresql.core.v3.QueryExecutorImpl.execute(QueryExecutorImpl.java:355)
	at org.postgresql.jdbc.PgStatement.executeInternal(PgStatement.java:490)
	at org.postgresql.jdbc.PgStatement.execute(PgStatement.java:408)
	at org.postgresql.jdbc.PgStatement.executeWithFlags(PgStatement.java:329)
	at org.postgresql.jdbc.PgStatement.executeCachedSql(PgStatement.java:315)
	at org.postgresql.jdbc.PgStatement.executeWithFlags(PgStatement.java:291)
	at org.postgresql.jdbc.PgStatement.execute(PgStatement.java:286)
	at org.hibernate.tool.schema.internal.exec.GenerationTargetToDatabase.accept(GenerationTargetToDatabase.java:54)
	... 64 more

мая 02, 2022 10:16:20 PM org.hibernate.tool.schema.internal.ExceptionHandlerLoggedImpl handleException
WARN: GenerationTarget encountered exception accepting command : Error executing DDL &quot;create table OtherСharacteristics (id  bigserial not null, audioType varchar(255), battery int4 not null, builtMemory int4 not null, core int4 not null, cpu varchar(255), graphics varchar(255), material varchar(255), ram int4 not null, sim varchar(255), primary key (id))&quot; via JDBC Statement
org.hibernate.tool.schema.spi.CommandAcceptanceException: Error executing DDL &quot;create table OtherСharacteristics (id  bigserial not null, audioType varchar(255), battery int4 not null, builtMemory int4 not null, core int4 not null, cpu varchar(255), graphics varchar(255), material varchar(255), ram int4 not null, sim varchar(255), primary key (id))&quot; via JDBC Statement
	at org.hibernate.tool.schema.internal.exec.GenerationTargetToDatabase.accept(GenerationTargetToDatabase.java:67)
	at org.hibernate.tool.schema.internal.AbstractSchemaMigrator.applySqlString(AbstractSchemaMigrator.java:581)
	at org.hibernate.tool.schema.internal.AbstractSchemaMigrator.applySqlStrings(AbstractSchemaMigrator.java:526)
	at org.hibernate.tool.schema.internal.AbstractSchemaMigrator.createTable(AbstractSchemaMigrator.java:293)
	at org.hibernate.tool.schema.internal.GroupedSchemaMigratorImpl.performTablesMigration(GroupedSchemaMigratorImpl.java:74)
	at org.hibernate.tool.schema.internal.AbstractSchemaMigrator.performMigration(AbstractSchemaMigrator.java:220)
	at org.hibernate.tool.schema.internal.AbstractSchemaMigrator.doMigration(AbstractSchemaMigrator.java:123)
	at org.hibernate.tool.schema.spi.SchemaManagementToolCoordinator.performDatabaseAction(SchemaManagementToolCoordinator.java:192)
	at org.hibernate.tool.schema.spi.SchemaManagementToolCoordinator.process(SchemaManagementToolCoordinator.java:81)
	at org.hibernate.internal.SessionFactoryImpl.&lt;init&gt;(SessionFactoryImpl.java:335)
	at org.hibernate.boot.internal.SessionFactoryBuilderImpl.build(SessionFactoryBuilderImpl.java:471)
	at org.hibernate.boot.internal.MetadataImpl.buildSessionFactory(MetadataImpl.java:200)
	at com.egor.zhukovsky.phoneshop.config.HibernateSessionFactory.buildSessionFactory(HibernateSessionFactory.java:17)
	at com.egor.zhukovsky.phoneshop.config.HibernateSessionFactory.&lt;clinit&gt;(HibernateSessionFactory.java:9)
	at com.egor.zhukovsky.phoneshop.dao.impl.AbstractDao.get(AbstractDao.java:22)
	at com.egor.zhukovsky.phoneshop.dao.impl.AbstractDao$MockitoMock$355885397.get$accessor$hCIraQcn(Unknown Source)
	at com.egor.zhukovsky.phoneshop.dao.impl.AbstractDao$MockitoMock$355885397$auxiliary$6zcp4W4l.call(Unknown Source)
	at org.mockito.internal.invocation.RealMethod$FromCallable$1.call(RealMethod.java:40)
	at org.mockito.internal.invocation.RealMethod$FromBehavior.invoke(RealMethod.java:62)
	at org.mockito.internal.invocation.InterceptedInvocation.callRealMethod(InterceptedInvocation.java:127)
	at org.mockito.internal.stubbing.answers.CallsRealMethods.answer(CallsRealMethods.java:43)
	at org.mockito.Answers.answer(Answers.java:100)
	at org.mockito.internal.handler.MockHandlerImpl.handle(MockHandlerImpl.java:103)
	at org.mockito.internal.handler.NullResultGuardian.handle(NullResultGuardian.java:29)
	at org.mockito.internal.handler.InvocationNotifierHandler.handle(InvocationNotifierHandler.java:35)
	at org.mockito.internal.creation.bytebuddy.MockMethodInterceptor.doIntercept(MockMethodInterceptor.java:63)
	at org.mockito.internal.creation.bytebuddy.MockMethodInterceptor.doIntercept(MockMethodInterceptor.java:49)
	at org.mockito.internal.creation.bytebuddy.MockMethodInterceptor$DispatcherDefaultingToRealMethod.interceptSuperCallable(MockMethodInterceptor.java:110)
	at com.egor.zhukovsky.phoneshop.dao.impl.AbstractDao$MockitoMock$355885397.get(Unknown Source)
	at com.egor.zhukovsky.phoneshop.dao.impl.AbstractDaoTest.testGetObjectById(AbstractDaoTest.java:67)
	at java.base/jdk.internal.reflect.NativeMethodAccessorImpl.invoke0(Native Method)
	at java.base/jdk.internal.reflect.NativeMethodAccessorImpl.invoke(NativeMethodAccessorImpl.java:62)
	at java.base/jdk.internal.reflect.DelegatingMethodAccessorImpl.invoke(DelegatingMethodAccessorImpl.java:43)
	at java.base/java.lang.reflect.Method.invoke(Method.java:567)
	at org.junit.runners.model.FrameworkMethod$1.runReflectiveCall(FrameworkMethod.java:50)
	at org.junit.internal.runners.model.ReflectiveCallable.run(ReflectiveCallable.java:12)
	at org.junit.runners.model.FrameworkMethod.invokeExplosively(FrameworkMethod.java:47)
	at org.junit.internal.runners.statements.InvokeMethod.evaluate(InvokeMethod.java:17)
	at org.junit.internal.runners.statements.RunBefores.evaluate(RunBefores.java:26)
	at org.junit.internal.runners.statements.RunAfters.evaluate(RunAfters.java:27)
	at org.junit.runners.ParentRunner.runLeaf(ParentRunner.java:325)
	at org.junit.runners.BlockJUnit4ClassRunner.runChild(BlockJUnit4ClassRunner.java:78)
	at org.junit.runners.BlockJUnit4ClassRunner.runChild(BlockJUnit4ClassRunner.java:57)
	at org.junit.runners.ParentRunner$3.run(ParentRunner.java:290)
	at org.junit.runners.ParentRunner$1.schedule(ParentRunner.java:71)
	at org.junit.runners.ParentRunner.runChildren(ParentRunner.java:288)
	at org.junit.runners.ParentRunner.access$000(ParentRunner.java:58)
	at org.junit.runners.ParentRunner$2.evaluate(ParentRunner.java:268)
	at org.junit.runners.ParentRunner.run(ParentRunner.java:363)
	at org.mockito.internal.runners.DefaultInternalRunner$1.run(DefaultInternalRunner.java:79)
	at org.mockito.internal.runners.DefaultInternalRunner.run(DefaultInternalRunner.java:85)
	at org.mockito.internal.runners.StrictRunner.run(StrictRunner.java:39)
	at org.mockito.junit.MockitoJUnitRunner.run(MockitoJUnitRunner.java:163)
	at org.apache.maven.surefire.junit4.JUnit4Provider.execute(JUnit4Provider.java:252)
	at org.apache.maven.surefire.junit4.JUnit4Provider.executeTestSet(JUnit4Provider.java:141)
	at org.apache.maven.surefire.junit4.JUnit4Provider.invoke(JUnit4Provider.java:112)
	at java.base/jdk.internal.reflect.NativeMethodAccessorImpl.invoke0(Native Method)
	at java.base/jdk.internal.reflect.NativeMethodAccessorImpl.invoke(NativeMethodAccessorImpl.java:62)
	at java.base/jdk.internal.reflect.DelegatingMethodAccessorImpl.invoke(DelegatingMethodAccessorImpl.java:43)
	at java.base/java.lang.reflect.Method.invoke(Method.java:567)
	at org.apache.maven.surefire.util.ReflectionUtils.invokeMethodWithArray(ReflectionUtils.java:189)
	at org.apache.maven.surefire.booter.ProviderFactory$ProviderProxy.invoke(ProviderFactory.java:165)
	at org.apache.maven.surefire.booter.ProviderFactory.invokeProvider(ProviderFactory.java:85)
	at org.apache.maven.surefire.booter.ForkedBooter.runSuitesInProcess(ForkedBooter.java:115)
	at org.apache.maven.surefire.booter.ForkedBooter.main(ForkedBooter.java:75)
Caused by: org.postgresql.util.PSQLException: ERROR: relation &quot;otherСharacteristics&quot; already exists
	at org.postgresql.core.v3.QueryExecutorImpl.receiveErrorResponse(QueryExecutorImpl.java:2675)
	at org.postgresql.core.v3.QueryExecutorImpl.processResults(QueryExecutorImpl.java:2365)
	at org.postgresql.core.v3.QueryExecutorImpl.execute(QueryExecutorImpl.java:355)
	at org.postgresql.jdbc.PgStatement.executeInternal(PgStatement.java:490)
	at org.postgresql.jdbc.PgStatement.execute(PgStatement.java:408)
	at org.postgresql.jdbc.PgStatement.executeWithFlags(PgStatement.java:329)
	at org.postgresql.jdbc.PgStatement.executeCachedSql(PgStatement.java:315)
	at org.postgresql.jdbc.PgStatement.executeWithFlags(PgStatement.java:291)
	at org.postgresql.jdbc.PgStatement.execute(PgStatement.java:286)
	at org.hibernate.tool.schema.internal.exec.GenerationTargetToDatabase.accept(GenerationTargetToDatabase.java:54)
	... 64 more

мая 02, 2022 10:16:21 PM org.hibernate.engine.transaction.jta.platform.internal.JtaPlatformInitiator initiateService
INFO: HHH000490: Using JtaPlatform implementation: [org.hibernate.engine.transaction.jta.platform.internal.NoJtaPlatform]
</system-err>
  </testcase>
  <testcase classname="com.egor.zhukovsky.phoneshop.dao.impl.AbstractDaoTest" name="testFindAll" time="4.212">
    <failure message="expected:&lt;[firstObj, secondObj, thirdObj]&gt; but was:&lt;[Product{id=4, code=&apos;xiaomirn11s&apos;, description=&apos;Xiaomi Redmi Note 11S&apos;, price=435.00, currency=USD, stock=10, imageUrl=&apos;https://mobistore.by/files/products/1/xiaomi-redmi-note-11s-64gb-pr27600.800x600w.jpg&apos;, mainСharacteristics=MainСharacteristics{id=4, releaseYear=2022, os=&apos;Android&apos;, osVersion=&apos;Android 11 (MIUI 13)&apos;, screenSize=&apos;6.43&quot;&apos;} , cameraСharacteristics=CameraСharacteristics{id=4, builtCamera=&apos;✓&apos;, video=&apos;1920x1080 (Full HD)&apos;, frontalCamera=&apos;16 Мп&apos;, diaphragm=&apos;f/2.4&apos;} , otherСharacteristics=OtherСharacteristics{id=4, audioType=&apos;jack 3.5 мм&apos;, battery=5000, material=&apos;пластик&apos;, graphics=&apos;Mali-G57 MC2&apos;, core=8, cpu=&apos;Mediatek Helio G96&apos;, sim=&apos;nano-SIM&apos;, ram=6, builtMemory=128} }, Product{id=6, code=&apos;xiaomipx3&apos;, description=&apos;Xiaomi Poco X3 Pro&apos;, price=376.00, currency=USD, stock=3, imageUrl=&apos;https://mobistore.by/files/products/1/xiaomi-poco-x3-pro-128gb-pr16339.800x600w.jpg&apos;, mainСharacteristics=MainСharacteristics{id=6, releaseYear=2021, os=&apos;Android&apos;, osVersion=&apos;Android 11 (MIUI 12)&apos;, screenSize=&apos;6.67&quot;&apos;} , cameraСharacteristics=CameraСharacteristics{id=6, builtCamera=&apos;✓ 48 Мп + 8 Мп + 2 Мп + 2 Мп&apos;, video=&apos;4К (30 кадров/с)&apos;, frontalCamera=&apos;20 Мп&apos;, diaphragm=&apos;ƒ/2,4&apos;} , otherСharacteristics=OtherСharacteristics{id=6, audioType=&apos;✓&apos;, battery=5160, material=&apos;металл&apos;, graphics=&apos;Adreno 640&apos;, core=8, cpu=&apos;Qualcomm Snapdragon 860&apos;, sim=&apos;nano-SIM&apos;, ram=6, builtMemory=128} }, Product{id=12, code=&apos;sga32&apos;, description=&apos;Samsung Galaxy A32&apos;, price=326.00, currency=USD, stock=30, imageUrl=&apos;https://mobistore.by/files/products/1/samsung-galaxy-a32-64gb-pr15897_1.800x600w.jpg&apos;, mainСharacteristics=MainСharacteristics{id=12, releaseYear=2021, os=&apos;Android&apos;, osVersion=&apos;Android 11&apos;, screenSize=&apos;6.4&quot;&apos;} , cameraСharacteristics=CameraСharacteristics{id=12, builtCamera=&apos;✓ 64 Mп + 8 Mп + 5 Mп + 5 Mп&apos;, video=&apos;1920x1080 (Full HD)&apos;, frontalCamera=&apos;20 Мп&apos;, diaphragm=&apos;f/2.2&apos;} , otherСharacteristics=OtherСharacteristics{id=12, audioType=&apos;jack 3.5 мм&apos;, battery=5000, material=&apos;пластик&apos;, graphics=&apos;Mali-G52 MC2&apos;, core=8, cpu=&apos;Mediatek Helio G80&apos;, sim=&apos;nano-SIM&apos;, ram=4, builtMemory=128} }, Product{id=3, code=&apos;h50&apos;, description=&apos;Honor 50&apos;, price=531.00, currency=null, stock=3, imageUrl=&apos;https://mobistore.by/files/products/1/honor-50-256gb-pr19967_4.800x600w.jpg&apos;, mainСharacteristics=MainСharacteristics{id=54, releaseYear=2021, os=&apos;Android&apos;, osVersion=&apos;Android 11&apos;, screenSize=&apos;6.57&apos;} , cameraСharacteristics=CameraСharacteristics{id=54, builtCamera=&apos;32 ÃÂÃÂÃÂÃÂÃÂÃÂÃÂÃÂÃÂÃÂÃÂÃÂÃÂÃÂÃÂÃÂ¿&apos;, video=&apos;2520x1080 (Full HD+)&apos;, frontalCamera=&apos;32 ÃÂÃÂÃÂÃÂÃÂÃÂÃÂÃÂÃÂÃÂÃÂÃÂÃÂÃÂÃÂÃÂ¿&apos;, diaphragm=&apos;f/2.2&apos;} , otherСharacteristics=OtherСharacteristics{id=54, audioType=&apos;USB Type-C&apos;, battery=4300, material=&apos;ÃÂÃÂÃÂÃÂÃÂÃÂÃÂÃÂ¿ÃÂÃÂÃÂÃÂÃÂÃÂÃÂÃÂ»ÃÂÃÂÃÂÃÂÃÂÃÂÃÂÃÂ°ÃÂÃÂÃÂÃÂÃÂÃÂÃÂÃÂÃÂÃÂÃÂÃÂÃÂÃÂÃÂÃÂÃÂÃÂÃÂÃÂÃÂÃÂÃÂÃÂ¸ÃÂÃÂÃÂÃÂÃÂÃÂÃÂÃÂº&apos;, graphics=&apos;Adreno 642L&apos;, core=8, cpu=&apos;Qualcomm Snapdragon 778G&apos;, sim=&apos;nano-SIM&apos;, ram=8, builtMemory=128} }, Product{id=9, code=&apos;xiaomimi11l&apos;, description=&apos;Xiaomi Mi 11 Lite&apos;, price=440.00, currency=USD, stock=80, imageUrl=&apos;https://mobistore.by/files/products/1/xiaomi-mi-11-lite-5g-ne-128gb-pr23556.800x600w.jpg&apos;, mainСharacteristics=MainСharacteristics{id=9, releaseYear=2021, os=&apos;Android&apos;, osVersion=&apos;Android 11&apos;, screenSize=&apos;6.55&quot;&apos;} , cameraСharacteristics=CameraСharacteristics{id=9, builtCamera=&apos;✓ 64 Мп + 8 Мп + 5 Мп&apos;, video=&apos;1920x1080 (Full HD)&apos;, frontalCamera=&apos;20 Мп&apos;, diaphragm=&apos;f/2.24&apos;} , otherСharacteristics=OtherСharacteristics{id=9, audioType=&apos;USB Type-C&apos;, battery=4250, material=&apos;пластик&apos;, graphics=&apos;Adreno 642&apos;, core=8, cpu=&apos;Qualcomm Snapdragon 780G&apos;, sim=&apos;2 nano-SIM&apos;, ram=8, builtMemory=128} }, Product{id=5, code=&apos;sgs21fe&apos;, description=&apos;Samsung Galaxy S21 FE&apos;, price=893.00, currency=USD, stock=28, imageUrl=&apos;https://mobistore.by/files/products/1/samsung-galaxy-s21-fe-5g-128gb-pr27077_16.800x600w.jpg&apos;, mainСharacteristics=MainСharacteristics{id=5, releaseYear=2022, os=&apos;Android&apos;, osVersion=&apos;Android 12 (One UI 4)&apos;, screenSize=&apos;6.4&quot;&apos;} , cameraСharacteristics=CameraСharacteristics{id=5, builtCamera=&apos;✓&apos;, video=&apos;7680×4320 (24 кадров/с)&apos;, frontalCamera=&apos;32 Мп&apos;, diaphragm=&apos;f/2.2&apos;} , otherСharacteristics=OtherСharacteristics{id=5, audioType=&apos;USB Type-C&apos;, battery=4500, material=&apos;металл&apos;, graphics=&apos;Adreno 660&apos;, core=8, cpu=&apos;Qualcomm Snapdragon 888&apos;, sim=&apos;nano-SIM&apos;, ram=6, builtMemory=128} }, Product{id=2, code=&apos;sgzflip3&apos;, description=&apos;Samsung Galaxy Z Flip 3&apos;, price=1158.00, currency=USD, stock=12, imageUrl=&apos;https://mobistore.by/files/products/1/samsung-galaxy-z-flip-3-5g-256gb-pr22223_15.800x600w.jpg&apos;, mainСharacteristics=MainСharacteristics{id=2, releaseYear=2021, os=&apos;Android&apos;, osVersion=&apos;Android 11&apos;, screenSize=&apos;6.7&quot;&apos;} , cameraСharacteristics=CameraСharacteristics{id=2, builtCamera=&apos;✓ 12 Мп + 12 Мп&apos;, video=&apos;3840x2160 (4K UHD)&apos;, frontalCamera=&apos;10 Мп  (1.22мкм, 80˚)&apos;, diaphragm=&apos;f/2.4&apos;} , otherСharacteristics=OtherСharacteristics{id=2, audioType=&apos;USB Type-C&apos;, battery=3300, material=&apos;металл&apos;, graphics=&apos;Adreno 660&apos;, core=8, cpu=&apos;Qualcomm Snapdragon 888&apos;, sim=&apos;nano-SIM, eSIM&apos;, ram=8, builtMemory=128} }, Product{id=8, code=&apos;iphone13pro&apos;, description=&apos;Apple iPhone 13 Pro&apos;, price=1502.00, currency=USD, stock=100, imageUrl=&apos;https://mobistore.by/files/products/1/apple-iphone-13-pro-128gb-pr23378_9.800x600w.jpg&apos;, mainСharacteristics=MainСharacteristics{id=8, releaseYear=2021, os=&apos;AppleiOS&apos;, osVersion=&apos;AppleiOS 15&apos;, screenSize=&apos;6.1&quot;&apos;} , cameraСharacteristics=CameraСharacteristics{id=8, builtCamera=&apos;✓ 12 Мп + 12 Мп + 12 Мп&apos;, video=&apos;3840x2160 (4K UHD)  (60 кадров/с)&apos;, frontalCamera=&apos;12 Мп&apos;, diaphragm=&apos;f/2.2&apos;} , otherСharacteristics=OtherСharacteristics{id=8, audioType=&apos;lightning&apos;, battery=3125, material=&apos;металл  (нержавеющая сталь)&apos;, graphics=&apos;нет информации&apos;, core=6, cpu=&apos;Apple A15 Bionic&apos;, sim=&apos;nano-SIM, eSIM&apos;, ram=6, builtMemory=512} }, Product{id=1, code=&apos;sgs22&apos;, description=&apos;Samsung Galaxy S22&apos;, price=1385.00, currency=USD, stock=99, imageUrl=&apos;https://mobistore.by/files/products/1/samsung-galaxy-s22-5g-128gb-pr27689_3.800x600w.jpg&apos;, mainСharacteristics=MainСharacteristics{id=1, releaseYear=2022, os=&apos;Android&apos;, osVersion=&apos;Android 12&apos;, screenSize=&apos;6.6&quot;&apos;} , cameraСharacteristics=CameraСharacteristics{id=1, builtCamera=&apos;✓&apos;, video=&apos;7680×4320 (24 кадров/с)&apos;, frontalCamera=&apos;	10 Мп&apos;, diaphragm=&apos;f/1,8&apos;} , otherСharacteristics=OtherСharacteristics{id=1, audioType=&apos;×&apos;, battery=3700, material=&apos;металл, стекло&apos;, graphics=&apos;Xclipse 920&apos;, core=8, cpu=&apos;Exynos 2200&apos;, sim=&apos;nano-SIM&apos;, ram=8, builtMemory=256} }, Product{id=11, code=&apos;realme8&apos;, description=&apos;Realme 8&apos;, price=322.00, currency=USD, stock=20, imageUrl=&apos;https://mobistore.by/files/products/1/realme-8-128gb-pr16973_5.800x600w.jpg&apos;, mainСharacteristics=MainСharacteristics{id=11, releaseYear=2021, os=&apos;Android&apos;, osVersion=&apos;Android 12&apos;, screenSize=&apos;6.4&quot;&apos;} , cameraСharacteristics=CameraСharacteristics{id=11, builtCamera=&apos;✓ 64 Мп + 8 Мп + 2 Мп + 2 Мп&apos;, video=&apos;1920x1080 (Full HD)&apos;, frontalCamera=&apos;16 Мп&apos;, diaphragm=&apos;f/2.5&apos;} , otherСharacteristics=OtherСharacteristics{id=11, audioType=&apos;jack 3.5 мм&apos;, battery=5000, material=&apos;пластик&apos;, graphics=&apos;Mali-G76 MC4&apos;, core=8, cpu=&apos;Mediatek Helio G95&apos;, sim=&apos;nano-SIM&apos;, ram=8, builtMemory=128} }, Product{id=10, code=&apos;sgs21&apos;, description=&apos;Samsung Galaxy S21&apos;, price=926.00, currency=USD, stock=30, imageUrl=&apos;https://mobistore.by/files/products/1/samsung-galaxy-s21-256gb-pr15018_3.800x600w.jpg&apos;, mainСharacteristics=MainСharacteristics{id=10, releaseYear=2022, os=&apos;Android&apos;, osVersion=&apos;Android 12 (One UI 4)&apos;, screenSize=&apos;6.4&quot;&apos;} , cameraСharacteristics=CameraСharacteristics{id=10, builtCamera=&apos;✓ 12 Мп + 64 Мп + 12 Мп + ToF 3D камера&apos;, video=&apos;7680×4320 (8К)&apos;, frontalCamera=&apos;10 Мп&apos;, diaphragm=&apos;f/2.2&apos;} , otherСharacteristics=OtherСharacteristics{id=10, audioType=&apos;×&apos;, battery=4000, material=&apos;&apos;, graphics=&apos;металл, стекло&apos;, core=8, cpu=&apos;Exynos 2100&apos;, sim=&apos;2 nano-SIM&apos;, ram=8, builtMemory=128} }, Product{id=7, code=&apos;iphone13&apos;, description=&apos;Apple iPhone 13&apos;, price=1329.00, currency=USD, stock=30, imageUrl=&apos;https://mobistore.by/files/products/1/apple-iphone-13-128gb-pr23370_1.800x600w.jpg&apos;, mainСharacteristics=MainСharacteristics{id=7, releaseYear=2021, os=&apos;AppleiOS&apos;, osVersion=&apos;iOS 15&apos;, screenSize=&apos;5.4&quot;&apos;} , cameraСharacteristics=CameraСharacteristics{id=7, builtCamera=&apos;✓ 12 Мп + 12 Мп&apos;, video=&apos;3840x2160 (4K UHD)  (60 кадров/с)&apos;, frontalCamera=&apos;12 Мп&apos;, diaphragm=&apos;f/2.2&apos;} , otherСharacteristics=OtherСharacteristics{id=7, audioType=&apos;lightning&apos;, battery=3240, material=&apos;металл  (алюминий)&apos;, graphics=&apos;нет информации&apos;, core=6, cpu=&apos;Apple A15 Bionic&apos;, sim=&apos;nano-SIM, eSIM&apos;, ram=4, builtMemory=256} }]&gt;" type="java.lang.AssertionError">java.lang.AssertionError: expected:&lt;[firstObj, secondObj, thirdObj]&gt; but was:&lt;[Product{id=4, code=&apos;xiaomirn11s&apos;, description=&apos;Xiaomi Redmi Note 11S&apos;, price=435.00, currency=USD, stock=10, imageUrl=&apos;https://mobistore.by/files/products/1/xiaomi-redmi-note-11s-64gb-pr27600.800x600w.jpg&apos;, mainСharacteristics=MainСharacteristics{id=4, releaseYear=2022, os=&apos;Android&apos;, osVersion=&apos;Android 11 (MIUI 13)&apos;, screenSize=&apos;6.43&quot;&apos;} , cameraСharacteristics=CameraСharacteristics{id=4, builtCamera=&apos;✓&apos;, video=&apos;1920x1080 (Full HD)&apos;, frontalCamera=&apos;16 Мп&apos;, diaphragm=&apos;f/2.4&apos;} , otherСharacteristics=OtherСharacteristics{id=4, audioType=&apos;jack 3.5 мм&apos;, battery=5000, material=&apos;пластик&apos;, graphics=&apos;Mali-G57 MC2&apos;, core=8, cpu=&apos;Mediatek Helio G96&apos;, sim=&apos;nano-SIM&apos;, ram=6, builtMemory=128} }, Product{id=6, code=&apos;xiaomipx3&apos;, description=&apos;Xiaomi Poco X3 Pro&apos;, price=376.00, currency=USD, stock=3, imageUrl=&apos;https://mobistore.by/files/products/1/xiaomi-poco-x3-pro-128gb-pr16339.800x600w.jpg&apos;, mainСharacteristics=MainСharacteristics{id=6, releaseYear=2021, os=&apos;Android&apos;, osVersion=&apos;Android 11 (MIUI 12)&apos;, screenSize=&apos;6.67&quot;&apos;} , cameraСharacteristics=CameraСharacteristics{id=6, builtCamera=&apos;✓ 48 Мп + 8 Мп + 2 Мп + 2 Мп&apos;, video=&apos;4К (30 кадров/с)&apos;, frontalCamera=&apos;20 Мп&apos;, diaphragm=&apos;ƒ/2,4&apos;} , otherСharacteristics=OtherСharacteristics{id=6, audioType=&apos;✓&apos;, battery=5160, material=&apos;металл&apos;, graphics=&apos;Adreno 640&apos;, core=8, cpu=&apos;Qualcomm Snapdragon 860&apos;, sim=&apos;nano-SIM&apos;, ram=6, builtMemory=128} }, Product{id=12, code=&apos;sga32&apos;, description=&apos;Samsung Galaxy A32&apos;, price=326.00, currency=USD, stock=30, imageUrl=&apos;https://mobistore.by/files/products/1/samsung-galaxy-a32-64gb-pr15897_1.800x600w.jpg&apos;, mainСharacteristics=MainСharacteristics{id=12, releaseYear=2021, os=&apos;Android&apos;, osVersion=&apos;Android 11&apos;, screenSize=&apos;6.4&quot;&apos;} , cameraСharacteristics=CameraСharacteristics{id=12, builtCamera=&apos;✓ 64 Mп + 8 Mп + 5 Mп + 5 Mп&apos;, video=&apos;1920x1080 (Full HD)&apos;, frontalCamera=&apos;20 Мп&apos;, diaphragm=&apos;f/2.2&apos;} , otherСharacteristics=OtherСharacteristics{id=12, audioType=&apos;jack 3.5 мм&apos;, battery=5000, material=&apos;пластик&apos;, graphics=&apos;Mali-G52 MC2&apos;, core=8, cpu=&apos;Mediatek Helio G80&apos;, sim=&apos;nano-SIM&apos;, ram=4, builtMemory=128} }, Product{id=3, code=&apos;h50&apos;, description=&apos;Honor 50&apos;, price=531.00, currency=null, stock=3, imageUrl=&apos;https://mobistore.by/files/products/1/honor-50-256gb-pr19967_4.800x600w.jpg&apos;, mainСharacteristics=MainСharacteristics{id=54, releaseYear=2021, os=&apos;Android&apos;, osVersion=&apos;Android 11&apos;, screenSize=&apos;6.57&apos;} , cameraСharacteristics=CameraСharacteristics{id=54, builtCamera=&apos;32 ÃÂÃÂÃÂÃÂÃÂÃÂÃÂÃÂÃÂÃÂÃÂÃÂÃÂÃÂÃÂÃÂ¿&apos;, video=&apos;2520x1080 (Full HD+)&apos;, frontalCamera=&apos;32 ÃÂÃÂÃÂÃÂÃÂÃÂÃÂÃÂÃÂÃÂÃÂÃÂÃÂÃÂÃÂÃÂ¿&apos;, diaphragm=&apos;f/2.2&apos;} , otherСharacteristics=OtherСharacteristics{id=54, audioType=&apos;USB Type-C&apos;, battery=4300, material=&apos;ÃÂÃÂÃÂÃÂÃÂÃÂÃÂÃÂ¿ÃÂÃÂÃÂÃÂÃÂÃÂÃÂÃÂ»ÃÂÃÂÃÂÃÂÃÂÃÂÃÂÃÂ°ÃÂÃÂÃÂÃÂÃÂÃÂÃÂÃÂÃÂÃÂÃÂÃÂÃÂÃÂÃÂÃÂÃÂÃÂÃÂÃÂÃÂÃÂÃÂÃÂ¸ÃÂÃÂÃÂÃÂÃÂÃÂÃÂÃÂº&apos;, graphics=&apos;Adreno 642L&apos;, core=8, cpu=&apos;Qualcomm Snapdragon 778G&apos;, sim=&apos;nano-SIM&apos;, ram=8, builtMemory=128} }, Product{id=9, code=&apos;xiaomimi11l&apos;, description=&apos;Xiaomi Mi 11 Lite&apos;, price=440.00, currency=USD, stock=80, imageUrl=&apos;https://mobistore.by/files/products/1/xiaomi-mi-11-lite-5g-ne-128gb-pr23556.800x600w.jpg&apos;, mainСharacteristics=MainСharacteristics{id=9, releaseYear=2021, os=&apos;Android&apos;, osVersion=&apos;Android 11&apos;, screenSize=&apos;6.55&quot;&apos;} , cameraСharacteristics=CameraСharacteristics{id=9, builtCamera=&apos;✓ 64 Мп + 8 Мп + 5 Мп&apos;, video=&apos;1920x1080 (Full HD)&apos;, frontalCamera=&apos;20 Мп&apos;, diaphragm=&apos;f/2.24&apos;} , otherСharacteristics=OtherСharacteristics{id=9, audioType=&apos;USB Type-C&apos;, battery=4250, material=&apos;пластик&apos;, graphics=&apos;Adreno 642&apos;, core=8, cpu=&apos;Qualcomm Snapdragon 780G&apos;, sim=&apos;2 nano-SIM&apos;, ram=8, builtMemory=128} }, Product{id=5, code=&apos;sgs21fe&apos;, description=&apos;Samsung Galaxy S21 FE&apos;, price=893.00, currency=USD, stock=28, imageUrl=&apos;https://mobistore.by/files/products/1/samsung-galaxy-s21-fe-5g-128gb-pr27077_16.800x600w.jpg&apos;, mainСharacteristics=MainСharacteristics{id=5, releaseYear=2022, os=&apos;Android&apos;, osVersion=&apos;Android 12 (One UI 4)&apos;, screenSize=&apos;6.4&quot;&apos;} , cameraСharacteristics=CameraСharacteristics{id=5, builtCamera=&apos;✓&apos;, video=&apos;7680×4320 (24 кадров/с)&apos;, frontalCamera=&apos;32 Мп&apos;, diaphragm=&apos;f/2.2&apos;} , otherСharacteristics=OtherСharacteristics{id=5, audioType=&apos;USB Type-C&apos;, battery=4500, material=&apos;металл&apos;, graphics=&apos;Adreno 660&apos;, core=8, cpu=&apos;Qualcomm Snapdragon 888&apos;, sim=&apos;nano-SIM&apos;, ram=6, builtMemory=128} }, Product{id=2, code=&apos;sgzflip3&apos;, description=&apos;Samsung Galaxy Z Flip 3&apos;, price=1158.00, currency=USD, stock=12, imageUrl=&apos;https://mobistore.by/files/products/1/samsung-galaxy-z-flip-3-5g-256gb-pr22223_15.800x600w.jpg&apos;, mainСharacteristics=MainСharacteristics{id=2, releaseYear=2021, os=&apos;Android&apos;, osVersion=&apos;Android 11&apos;, screenSize=&apos;6.7&quot;&apos;} , cameraСharacteristics=CameraСharacteristics{id=2, builtCamera=&apos;✓ 12 Мп + 12 Мп&apos;, video=&apos;3840x2160 (4K UHD)&apos;, frontalCamera=&apos;10 Мп  (1.22мкм, 80˚)&apos;, diaphragm=&apos;f/2.4&apos;} , otherСharacteristics=OtherСharacteristics{id=2, audioType=&apos;USB Type-C&apos;, battery=3300, material=&apos;металл&apos;, graphics=&apos;Adreno 660&apos;, core=8, cpu=&apos;Qualcomm Snapdragon 888&apos;, sim=&apos;nano-SIM, eSIM&apos;, ram=8, builtMemory=128} }, Product{id=8, code=&apos;iphone13pro&apos;, description=&apos;Apple iPhone 13 Pro&apos;, price=1502.00, currency=USD, stock=100, imageUrl=&apos;https://mobistore.by/files/products/1/apple-iphone-13-pro-128gb-pr23378_9.800x600w.jpg&apos;, mainСharacteristics=MainСharacteristics{id=8, releaseYear=2021, os=&apos;AppleiOS&apos;, osVersion=&apos;AppleiOS 15&apos;, screenSize=&apos;6.1&quot;&apos;} , cameraСharacteristics=CameraСharacteristics{id=8, builtCamera=&apos;✓ 12 Мп + 12 Мп + 12 Мп&apos;, video=&apos;3840x2160 (4K UHD)  (60 кадров/с)&apos;, frontalCamera=&apos;12 Мп&apos;, diaphragm=&apos;f/2.2&apos;} , otherСharacteristics=OtherСharacteristics{id=8, audioType=&apos;lightning&apos;, battery=3125, material=&apos;металл  (нержавеющая сталь)&apos;, graphics=&apos;нет информации&apos;, core=6, cpu=&apos;Apple A15 Bionic&apos;, sim=&apos;nano-SIM, eSIM&apos;, ram=6, builtMemory=512} }, Product{id=1, code=&apos;sgs22&apos;, description=&apos;Samsung Galaxy S22&apos;, price=1385.00, currency=USD, stock=99, imageUrl=&apos;https://mobistore.by/files/products/1/samsung-galaxy-s22-5g-128gb-pr27689_3.800x600w.jpg&apos;, mainСharacteristics=MainСharacteristics{id=1, releaseYear=2022, os=&apos;Android&apos;, osVersion=&apos;Android 12&apos;, screenSize=&apos;6.6&quot;&apos;} , cameraСharacteristics=CameraСharacteristics{id=1, builtCamera=&apos;✓&apos;, video=&apos;7680×4320 (24 кадров/с)&apos;, frontalCamera=&apos;	10 Мп&apos;, diaphragm=&apos;f/1,8&apos;} , otherСharacteristics=OtherСharacteristics{id=1, audioType=&apos;×&apos;, battery=3700, material=&apos;металл, стекло&apos;, graphics=&apos;Xclipse 920&apos;, core=8, cpu=&apos;Exynos 2200&apos;, sim=&apos;nano-SIM&apos;, ram=8, builtMemory=256} }, Product{id=11, code=&apos;realme8&apos;, description=&apos;Realme 8&apos;, price=322.00, currency=USD, stock=20, imageUrl=&apos;https://mobistore.by/files/products/1/realme-8-128gb-pr16973_5.800x600w.jpg&apos;, mainСharacteristics=MainСharacteristics{id=11, releaseYear=2021, os=&apos;Android&apos;, osVersion=&apos;Android 12&apos;, screenSize=&apos;6.4&quot;&apos;} , cameraСharacteristics=CameraСharacteristics{id=11, builtCamera=&apos;✓ 64 Мп + 8 Мп + 2 Мп + 2 Мп&apos;, video=&apos;1920x1080 (Full HD)&apos;, frontalCamera=&apos;16 Мп&apos;, diaphragm=&apos;f/2.5&apos;} , otherСharacteristics=OtherСharacteristics{id=11, audioType=&apos;jack 3.5 мм&apos;, battery=5000, material=&apos;пластик&apos;, graphics=&apos;Mali-G76 MC4&apos;, core=8, cpu=&apos;Mediatek Helio G95&apos;, sim=&apos;nano-SIM&apos;, ram=8, builtMemory=128} }, Product{id=10, code=&apos;sgs21&apos;, description=&apos;Samsung Galaxy S21&apos;, price=926.00, currency=USD, stock=30, imageUrl=&apos;https://mobistore.by/files/products/1/samsung-galaxy-s21-256gb-pr15018_3.800x600w.jpg&apos;, mainСharacteristics=MainСharacteristics{id=10, releaseYear=2022, os=&apos;Android&apos;, osVersion=&apos;Android 12 (One UI 4)&apos;, screenSize=&apos;6.4&quot;&apos;} , cameraСharacteristics=CameraСharacteristics{id=10, builtCamera=&apos;✓ 12 Мп + 64 Мп + 12 Мп + ToF 3D камера&apos;, video=&apos;7680×4320 (8К)&apos;, frontalCamera=&apos;10 Мп&apos;, diaphragm=&apos;f/2.2&apos;} , otherСharacteristics=OtherСharacteristics{id=10, audioType=&apos;×&apos;, battery=4000, material=&apos;&apos;, graphics=&apos;металл, стекло&apos;, core=8, cpu=&apos;Exynos 2100&apos;, sim=&apos;2 nano-SIM&apos;, ram=8, builtMemory=128} }, Product{id=7, code=&apos;iphone13&apos;, description=&apos;Apple iPhone 13&apos;, price=1329.00, currency=USD, stock=30, imageUrl=&apos;https://mobistore.by/files/products/1/apple-iphone-13-128gb-pr23370_1.800x600w.jpg&apos;, mainСharacteristics=MainСharacteristics{id=7, releaseYear=2021, os=&apos;AppleiOS&apos;, osVersion=&apos;iOS 15&apos;, screenSize=&apos;5.4&quot;&apos;} , cameraСharacteristics=CameraСharacteristics{id=7, builtCamera=&apos;✓ 12 Мп + 12 Мп&apos;, video=&apos;3840x2160 (4K UHD)  (60 кадров/с)&apos;, frontalCamera=&apos;12 Мп&apos;, diaphragm=&apos;f/2.2&apos;} , otherСharacteristics=OtherСharacteristics{id=7, audioType=&apos;lightning&apos;, battery=3240, material=&apos;металл  (алюминий)&apos;, graphics=&apos;нет информации&apos;, core=6, cpu=&apos;Apple A15 Bionic&apos;, sim=&apos;nano-SIM, eSIM&apos;, ram=4, builtMemory=256} }]&gt;
	at org.junit.Assert.fail(Assert.java:88)
	at org.junit.Assert.failNotEquals(Assert.java:834)
	at org.junit.Assert.assertEquals(Assert.java:118)
	at org.junit.Assert.assertEquals(Assert.java:144)
	at com.egor.zhukovsky.phoneshop.dao.impl.AbstractDaoTest.testFindAll(AbstractDaoTest.java:62)
	at java.base/jdk.internal.reflect.NativeMethodAccessorImpl.invoke0(Native Method)
	at java.base/jdk.internal.reflect.NativeMethodAccessorImpl.invoke(NativeMethodAccessorImpl.java:62)
	at java.base/jdk.internal.reflect.DelegatingMethodAccessorImpl.invoke(DelegatingMethodAccessorImpl.java:43)
	at java.base/java.lang.reflect.Method.invoke(Method.java:567)
	at org.junit.runners.model.FrameworkMethod$1.runReflectiveCall(FrameworkMethod.java:50)
	at org.junit.internal.runners.model.ReflectiveCallable.run(ReflectiveCallable.java:12)
	at org.junit.runners.model.FrameworkMethod.invokeExplosively(FrameworkMethod.java:47)
	at org.junit.internal.runners.statements.InvokeMethod.evaluate(InvokeMethod.java:17)
	at org.junit.internal.runners.statements.RunBefores.evaluate(RunBefores.java:26)
	at org.junit.internal.runners.statements.RunAfters.evaluate(RunAfters.java:27)
	at org.junit.runners.ParentRunner.runLeaf(ParentRunner.java:325)
	at org.junit.runners.BlockJUnit4ClassRunner.runChild(BlockJUnit4ClassRunner.java:78)
	at org.junit.runners.BlockJUnit4ClassRunner.runChild(BlockJUnit4ClassRunner.java:57)
	at org.junit.runners.ParentRunner$3.run(ParentRunner.java:290)
	at org.junit.runners.ParentRunner$1.schedule(ParentRunner.java:71)
	at org.junit.runners.ParentRunner.runChildren(ParentRunner.java:288)
	at org.junit.runners.ParentRunner.access$000(ParentRunner.java:58)
	at org.junit.runners.ParentRunner$2.evaluate(ParentRunner.java:268)
	at org.junit.runners.ParentRunner.run(ParentRunner.java:363)
	at org.mockito.internal.runners.DefaultInternalRunner$1.run(DefaultInternalRunner.java:79)
	at org.mockito.internal.runners.DefaultInternalRunner.run(DefaultInternalRunner.java:85)
	at org.mockito.internal.runners.StrictRunner.run(StrictRunner.java:39)
	at org.mockito.junit.MockitoJUnitRunner.run(MockitoJUnitRunner.java:163)
	at org.apache.maven.surefire.junit4.JUnit4Provider.execute(JUnit4Provider.java:252)
	at org.apache.maven.surefire.junit4.JUnit4Provider.executeTestSet(JUnit4Provider.java:141)
	at org.apache.maven.surefire.junit4.JUnit4Provider.invoke(JUnit4Provider.java:112)
	at java.base/jdk.internal.reflect.NativeMethodAccessorImpl.invoke0(Native Method)
	at java.base/jdk.internal.reflect.NativeMethodAccessorImpl.invoke(NativeMethodAccessorImpl.java:62)
	at java.base/jdk.internal.reflect.DelegatingMethodAccessorImpl.invoke(DelegatingMethodAccessorImpl.java:43)
	at java.base/java.lang.reflect.Method.invoke(Method.java:567)
	at org.apache.maven.surefire.util.ReflectionUtils.invokeMethodWithArray(ReflectionUtils.java:189)
	at org.apache.maven.surefire.booter.ProviderFactory$ProviderProxy.invoke(ProviderFactory.java:165)
	at org.apache.maven.surefire.booter.ProviderFactory.invokeProvider(ProviderFactory.java:85)
	at org.apache.maven.surefire.booter.ForkedBooter.runSuitesInProcess(ForkedBooter.java:115)
	at org.apache.maven.surefire.booter.ForkedBooter.main(ForkedBooter.java:75)
</failure>
    <system-out>Hibernate: select product0_.id as id1_4_, product0_.cameraСharacteristics_id as cameraсh8_4_, product0_.code as code2_4_, product0_.currency as currency3_4_, product0_.description as descript4_4_, product0_.imageUrl as imageurl5_4_, product0_.mainСharacteristics_id as mainсhar9_4_, product0_.otherСharacteristics_id as otherсh10_4_, product0_.price as price6_4_, product0_.stock as stock7_4_ from phone product0_
Hibernate: select cameraсhar0_.id as id1_0_0_, cameraсhar0_.builtCamera as builtcam2_0_0_, cameraсhar0_.diaphragm as diaphrag3_0_0_, cameraсhar0_.frontalCamera as frontalc4_0_0_, cameraсhar0_.video as video5_0_0_ from CameraСharacteristics cameraсhar0_ where cameraсhar0_.id=?
Hibernate: select mainсharac0_.id as id1_1_0_, mainсharac0_.os as os2_1_0_, mainсharac0_.osVersion as osversio3_1_0_, mainсharac0_.releaseYear as releasey4_1_0_, mainсharac0_.screenSize as screensi5_1_0_ from MainСharacteristics mainсharac0_ where mainсharac0_.id=?
Hibernate: select otherсhara0_.id as id1_3_0_, otherсhara0_.audioType as audiotyp2_3_0_, otherсhara0_.battery as battery3_3_0_, otherсhara0_.builtMemory as builtmem4_3_0_, otherсhara0_.core as core5_3_0_, otherсhara0_.cpu as cpu6_3_0_, otherсhara0_.graphics as graphics7_3_0_, otherсhara0_.material as material8_3_0_, otherсhara0_.ram as ram9_3_0_, otherсhara0_.sim as sim10_3_0_ from OtherСharacteristics otherсhara0_ where otherсhara0_.id=?
Hibernate: select cameraсhar0_.id as id1_0_0_, cameraсhar0_.builtCamera as builtcam2_0_0_, cameraсhar0_.diaphragm as diaphrag3_0_0_, cameraсhar0_.frontalCamera as frontalc4_0_0_, cameraсhar0_.video as video5_0_0_ from CameraСharacteristics cameraсhar0_ where cameraсhar0_.id=?
Hibernate: select mainсharac0_.id as id1_1_0_, mainсharac0_.os as os2_1_0_, mainсharac0_.osVersion as osversio3_1_0_, mainсharac0_.releaseYear as releasey4_1_0_, mainсharac0_.screenSize as screensi5_1_0_ from MainСharacteristics mainсharac0_ where mainсharac0_.id=?
Hibernate: select otherсhara0_.id as id1_3_0_, otherсhara0_.audioType as audiotyp2_3_0_, otherсhara0_.battery as battery3_3_0_, otherсhara0_.builtMemory as builtmem4_3_0_, otherсhara0_.core as core5_3_0_, otherсhara0_.cpu as cpu6_3_0_, otherсhara0_.graphics as graphics7_3_0_, otherсhara0_.material as material8_3_0_, otherсhara0_.ram as ram9_3_0_, otherсhara0_.sim as sim10_3_0_ from OtherСharacteristics otherсhara0_ where otherсhara0_.id=?
Hibernate: select cameraсhar0_.id as id1_0_0_, cameraсhar0_.builtCamera as builtcam2_0_0_, cameraсhar0_.diaphragm as diaphrag3_0_0_, cameraсhar0_.frontalCamera as frontalc4_0_0_, cameraсhar0_.video as video5_0_0_ from CameraСharacteristics cameraсhar0_ where cameraсhar0_.id=?
Hibernate: select mainсharac0_.id as id1_1_0_, mainсharac0_.os as os2_1_0_, mainсharac0_.osVersion as osversio3_1_0_, mainсharac0_.releaseYear as releasey4_1_0_, mainсharac0_.screenSize as screensi5_1_0_ from MainСharacteristics mainсharac0_ where mainсharac0_.id=?
Hibernate: select otherсhara0_.id as id1_3_0_, otherсhara0_.audioType as audiotyp2_3_0_, otherсhara0_.battery as battery3_3_0_, otherсhara0_.builtMemory as builtmem4_3_0_, otherсhara0_.core as core5_3_0_, otherсhara0_.cpu as cpu6_3_0_, otherсhara0_.graphics as graphics7_3_0_, otherсhara0_.material as material8_3_0_, otherсhara0_.ram as ram9_3_0_, otherсhara0_.sim as sim10_3_0_ from OtherСharacteristics otherсhara0_ where otherсhara0_.id=?
Hibernate: select cameraсhar0_.id as id1_0_0_, cameraсhar0_.builtCamera as builtcam2_0_0_, cameraсhar0_.diaphragm as diaphrag3_0_0_, cameraсhar0_.frontalCamera as frontalc4_0_0_, cameraсhar0_.video as video5_0_0_ from CameraСharacteristics cameraсhar0_ where cameraсhar0_.id=?
Hibernate: select mainсharac0_.id as id1_1_0_, mainсharac0_.os as os2_1_0_, mainсharac0_.osVersion as osversio3_1_0_, mainсharac0_.releaseYear as releasey4_1_0_, mainсharac0_.screenSize as screensi5_1_0_ from MainСharacteristics mainсharac0_ where mainсharac0_.id=?
Hibernate: select otherсhara0_.id as id1_3_0_, otherсhara0_.audioType as audiotyp2_3_0_, otherсhara0_.battery as battery3_3_0_, otherсhara0_.builtMemory as builtmem4_3_0_, otherсhara0_.core as core5_3_0_, otherсhara0_.cpu as cpu6_3_0_, otherсhara0_.graphics as graphics7_3_0_, otherсhara0_.material as material8_3_0_, otherсhara0_.ram as ram9_3_0_, otherсhara0_.sim as sim10_3_0_ from OtherСharacteristics otherсhara0_ where otherсhara0_.id=?
Hibernate: select cameraсhar0_.id as id1_0_0_, cameraсhar0_.builtCamera as builtcam2_0_0_, cameraсhar0_.diaphragm as diaphrag3_0_0_, cameraсhar0_.frontalCamera as frontalc4_0_0_, cameraсhar0_.video as video5_0_0_ from CameraСharacteristics cameraсhar0_ where cameraсhar0_.id=?
Hibernate: select mainсharac0_.id as id1_1_0_, mainсharac0_.os as os2_1_0_, mainсharac0_.osVersion as osversio3_1_0_, mainсharac0_.releaseYear as releasey4_1_0_, mainсharac0_.screenSize as screensi5_1_0_ from MainСharacteristics mainсharac0_ where mainсharac0_.id=?
Hibernate: select otherсhara0_.id as id1_3_0_, otherсhara0_.audioType as audiotyp2_3_0_, otherсhara0_.battery as battery3_3_0_, otherсhara0_.builtMemory as builtmem4_3_0_, otherсhara0_.core as core5_3_0_, otherсhara0_.cpu as cpu6_3_0_, otherсhara0_.graphics as graphics7_3_0_, otherсhara0_.material as material8_3_0_, otherсhara0_.ram as ram9_3_0_, otherсhara0_.sim as sim10_3_0_ from OtherСharacteristics otherсhara0_ where otherсhara0_.id=?
Hibernate: select cameraсhar0_.id as id1_0_0_, cameraсhar0_.builtCamera as builtcam2_0_0_, cameraсhar0_.diaphragm as diaphrag3_0_0_, cameraсhar0_.frontalCamera as frontalc4_0_0_, cameraсhar0_.video as video5_0_0_ from CameraСharacteristics cameraсhar0_ where cameraсhar0_.id=?
Hibernate: select mainсharac0_.id as id1_1_0_, mainсharac0_.os as os2_1_0_, mainсharac0_.osVersion as osversio3_1_0_, mainсharac0_.releaseYear as releasey4_1_0_, mainсharac0_.screenSize as screensi5_1_0_ from MainСharacteristics mainсharac0_ where mainсharac0_.id=?
Hibernate: select otherсhara0_.id as id1_3_0_, otherсhara0_.audioType as audiotyp2_3_0_, otherсhara0_.battery as battery3_3_0_, otherсhara0_.builtMemory as builtmem4_3_0_, otherсhara0_.core as core5_3_0_, otherсhara0_.cpu as cpu6_3_0_, otherсhara0_.graphics as graphics7_3_0_, otherсhara0_.material as material8_3_0_, otherсhara0_.ram as ram9_3_0_, otherсhara0_.sim as sim10_3_0_ from OtherСharacteristics otherсhara0_ where otherсhara0_.id=?
Hibernate: select cameraсhar0_.id as id1_0_0_, cameraсhar0_.builtCamera as builtcam2_0_0_, cameraсhar0_.diaphragm as diaphrag3_0_0_, cameraсhar0_.frontalCamera as frontalc4_0_0_, cameraсhar0_.video as video5_0_0_ from CameraСharacteristics cameraсhar0_ where cameraсhar0_.id=?
Hibernate: select mainсharac0_.id as id1_1_0_, mainсharac0_.os as os2_1_0_, mainсharac0_.osVersion as osversio3_1_0_, mainсharac0_.releaseYear as releasey4_1_0_, mainсharac0_.screenSize as screensi5_1_0_ from MainСharacteristics mainсharac0_ where mainсharac0_.id=?
Hibernate: select otherсhara0_.id as id1_3_0_, otherсhara0_.audioType as audiotyp2_3_0_, otherсhara0_.battery as battery3_3_0_, otherсhara0_.builtMemory as builtmem4_3_0_, otherсhara0_.core as core5_3_0_, otherсhara0_.cpu as cpu6_3_0_, otherсhara0_.graphics as graphics7_3_0_, otherсhara0_.material as material8_3_0_, otherсhara0_.ram as ram9_3_0_, otherсhara0_.sim as sim10_3_0_ from OtherСharacteristics otherсhara0_ where otherсhara0_.id=?
Hibernate: select cameraсhar0_.id as id1_0_0_, cameraсhar0_.builtCamera as builtcam2_0_0_, cameraсhar0_.diaphragm as diaphrag3_0_0_, cameraсhar0_.frontalCamera as frontalc4_0_0_, cameraсhar0_.video as video5_0_0_ from CameraСharacteristics cameraсhar0_ where cameraсhar0_.id=?
Hibernate: select mainсharac0_.id as id1_1_0_, mainсharac0_.os as os2_1_0_, mainсharac0_.osVersion as osversio3_1_0_, mainсharac0_.releaseYear as releasey4_1_0_, mainсharac0_.screenSize as screensi5_1_0_ from MainСharacteristics mainсharac0_ where mainсharac0_.id=?
Hibernate: select otherсhara0_.id as id1_3_0_, otherсhara0_.audioType as audiotyp2_3_0_, otherсhara0_.battery as battery3_3_0_, otherсhara0_.builtMemory as builtmem4_3_0_, otherсhara0_.core as core5_3_0_, otherсhara0_.cpu as cpu6_3_0_, otherсhara0_.graphics as graphics7_3_0_, otherсhara0_.material as material8_3_0_, otherсhara0_.ram as ram9_3_0_, otherсhara0_.sim as sim10_3_0_ from OtherСharacteristics otherсhara0_ where otherсhara0_.id=?
Hibernate: select cameraсhar0_.id as id1_0_0_, cameraсhar0_.builtCamera as builtcam2_0_0_, cameraсhar0_.diaphragm as diaphrag3_0_0_, cameraсhar0_.frontalCamera as frontalc4_0_0_, cameraсhar0_.video as video5_0_0_ from CameraСharacteristics cameraсhar0_ where cameraсhar0_.id=?
Hibernate: select mainсharac0_.id as id1_1_0_, mainсharac0_.os as os2_1_0_, mainсharac0_.osVersion as osversio3_1_0_, mainсharac0_.releaseYear as releasey4_1_0_, mainсharac0_.screenSize as screensi5_1_0_ from MainСharacteristics mainсharac0_ where mainсharac0_.id=?
Hibernate: select otherсhara0_.id as id1_3_0_, otherсhara0_.audioType as audiotyp2_3_0_, otherсhara0_.battery as battery3_3_0_, otherсhara0_.builtMemory as builtmem4_3_0_, otherсhara0_.core as core5_3_0_, otherсhara0_.cpu as cpu6_3_0_, otherсhara0_.graphics as graphics7_3_0_, otherсhara0_.material as material8_3_0_, otherсhara0_.ram as ram9_3_0_, otherсhara0_.sim as sim10_3_0_ from OtherСharacteristics otherсhara0_ where otherсhara0_.id=?
Hibernate: select cameraсhar0_.id as id1_0_0_, cameraсhar0_.builtCamera as builtcam2_0_0_, cameraсhar0_.diaphragm as diaphrag3_0_0_, cameraсhar0_.frontalCamera as frontalc4_0_0_, cameraсhar0_.video as video5_0_0_ from CameraСharacteristics cameraсhar0_ where cameraсhar0_.id=?
Hibernate: select mainсharac0_.id as id1_1_0_, mainсharac0_.os as os2_1_0_, mainсharac0_.osVersion as osversio3_1_0_, mainсharac0_.releaseYear as releasey4_1_0_, mainсharac0_.screenSize as screensi5_1_0_ from MainСharacteristics mainсharac0_ where mainсharac0_.id=?
Hibernate: select otherсhara0_.id as id1_3_0_, otherсhara0_.audioType as audiotyp2_3_0_, otherсhara0_.battery as battery3_3_0_, otherсhara0_.builtMemory as builtmem4_3_0_, otherсhara0_.core as core5_3_0_, otherсhara0_.cpu as cpu6_3_0_, otherсhara0_.graphics as graphics7_3_0_, otherсhara0_.material as material8_3_0_, otherсhara0_.ram as ram9_3_0_, otherсhara0_.sim as sim10_3_0_ from OtherСharacteristics otherсhara0_ where otherсhara0_.id=?
Hibernate: select cameraсhar0_.id as id1_0_0_, cameraсhar0_.builtCamera as builtcam2_0_0_, cameraсhar0_.diaphragm as diaphrag3_0_0_, cameraсhar0_.frontalCamera as frontalc4_0_0_, cameraсhar0_.video as video5_0_0_ from CameraСharacteristics cameraсhar0_ where cameraсhar0_.id=?
Hibernate: select mainсharac0_.id as id1_1_0_, mainсharac0_.os as os2_1_0_, mainсharac0_.osVersion as osversio3_1_0_, mainсharac0_.releaseYear as releasey4_1_0_, mainсharac0_.screenSize as screensi5_1_0_ from MainСharacteristics mainсharac0_ where mainсharac0_.id=?
Hibernate: select otherсhara0_.id as id1_3_0_, otherсhara0_.audioType as audiotyp2_3_0_, otherсhara0_.battery as battery3_3_0_, otherсhara0_.builtMemory as builtmem4_3_0_, otherсhara0_.core as core5_3_0_, otherсhara0_.cpu as cpu6_3_0_, otherсhara0_.graphics as graphics7_3_0_, otherсhara0_.material as material8_3_0_, otherсhara0_.ram as ram9_3_0_, otherсhara0_.sim as sim10_3_0_ from OtherСharacteristics otherсhara0_ where otherсhara0_.id=?
Hibernate: select cameraсhar0_.id as id1_0_0_, cameraсhar0_.builtCamera as builtcam2_0_0_, cameraсhar0_.diaphragm as diaphrag3_0_0_, cameraсhar0_.frontalCamera as frontalc4_0_0_, cameraсhar0_.video as video5_0_0_ from CameraСharacteristics cameraсhar0_ where cameraсhar0_.id=?
Hibernate: select mainсharac0_.id as id1_1_0_, mainсharac0_.os as os2_1_0_, mainсharac0_.osVersion as osversio3_1_0_, mainсharac0_.releaseYear as releasey4_1_0_, mainсharac0_.screenSize as screensi5_1_0_ from MainСharacteristics mainсharac0_ where mainсharac0_.id=?
Hibernate: select otherсhara0_.id as id1_3_0_, otherсhara0_.audioType as audiotyp2_3_0_, otherсhara0_.battery as battery3_3_0_, otherсhara0_.builtMemory as builtmem4_3_0_, otherсhara0_.core as core5_3_0_, otherсhara0_.cpu as cpu6_3_0_, otherсhara0_.graphics as graphics7_3_0_, otherсhara0_.material as material8_3_0_, otherсhara0_.ram as ram9_3_0_, otherсhara0_.sim as sim10_3_0_ from OtherСharacteristics otherсhara0_ where otherсhara0_.id=?
</system-out>
  </testcase>
  <testcase classname="com.egor.zhukovsky.phoneshop.dao.impl.AbstractDaoTest" name="testDeleteObject" time="2.134">
    <failure message="expected:&lt;3&gt; but was:&lt;12&gt;" type="java.lang.AssertionError">java.lang.AssertionError: expected:&lt;3&gt; but was:&lt;12&gt;
	at org.junit.Assert.fail(Assert.java:88)
	at org.junit.Assert.failNotEquals(Assert.java:834)
	at org.junit.Assert.assertEquals(Assert.java:645)
	at org.junit.Assert.assertEquals(Assert.java:631)
	at com.egor.zhukovsky.phoneshop.dao.impl.AbstractDaoTest.testDeleteObject(AbstractDaoTest.java:81)
	at java.base/jdk.internal.reflect.NativeMethodAccessorImpl.invoke0(Native Method)
	at java.base/jdk.internal.reflect.NativeMethodAccessorImpl.invoke(NativeMethodAccessorImpl.java:62)
	at java.base/jdk.internal.reflect.DelegatingMethodAccessorImpl.invoke(DelegatingMethodAccessorImpl.java:43)
	at java.base/java.lang.reflect.Method.invoke(Method.java:567)
	at org.junit.runners.model.FrameworkMethod$1.runReflectiveCall(FrameworkMethod.java:50)
	at org.junit.internal.runners.model.ReflectiveCallable.run(ReflectiveCallable.java:12)
	at org.junit.runners.model.FrameworkMethod.invokeExplosively(FrameworkMethod.java:47)
	at org.junit.internal.runners.statements.InvokeMethod.evaluate(InvokeMethod.java:17)
	at org.junit.internal.runners.statements.RunBefores.evaluate(RunBefores.java:26)
	at org.junit.internal.runners.statements.RunAfters.evaluate(RunAfters.java:27)
	at org.junit.runners.ParentRunner.runLeaf(ParentRunner.java:325)
	at org.junit.runners.BlockJUnit4ClassRunner.runChild(BlockJUnit4ClassRunner.java:78)
	at org.junit.runners.BlockJUnit4ClassRunner.runChild(BlockJUnit4ClassRunner.java:57)
	at org.junit.runners.ParentRunner$3.run(ParentRunner.java:290)
	at org.junit.runners.ParentRunner$1.schedule(ParentRunner.java:71)
	at org.junit.runners.ParentRunner.runChildren(ParentRunner.java:288)
	at org.junit.runners.ParentRunner.access$000(ParentRunner.java:58)
	at org.junit.runners.ParentRunner$2.evaluate(ParentRunner.java:268)
	at org.junit.runners.ParentRunner.run(ParentRunner.java:363)
	at org.mockito.internal.runners.DefaultInternalRunner$1.run(DefaultInternalRunner.java:79)
	at org.mockito.internal.runners.DefaultInternalRunner.run(DefaultInternalRunner.java:85)
	at org.mockito.internal.runners.StrictRunner.run(StrictRunner.java:39)
	at org.mockito.junit.MockitoJUnitRunner.run(MockitoJUnitRunner.java:163)
	at org.apache.maven.surefire.junit4.JUnit4Provider.execute(JUnit4Provider.java:252)
	at org.apache.maven.surefire.junit4.JUnit4Provider.executeTestSet(JUnit4Provider.java:141)
	at org.apache.maven.surefire.junit4.JUnit4Provider.invoke(JUnit4Provider.java:112)
	at java.base/jdk.internal.reflect.NativeMethodAccessorImpl.invoke0(Native Method)
	at java.base/jdk.internal.reflect.NativeMethodAccessorImpl.invoke(NativeMethodAccessorImpl.java:62)
	at java.base/jdk.internal.reflect.DelegatingMethodAccessorImpl.invoke(DelegatingMethodAccessorImpl.java:43)
	at java.base/java.lang.reflect.Method.invoke(Method.java:567)
	at org.apache.maven.surefire.util.ReflectionUtils.invokeMethodWithArray(ReflectionUtils.java:189)
	at org.apache.maven.surefire.booter.ProviderFactory$ProviderProxy.invoke(ProviderFactory.java:165)
	at org.apache.maven.surefire.booter.ProviderFactory.invokeProvider(ProviderFactory.java:85)
	at org.apache.maven.surefire.booter.ForkedBooter.runSuitesInProcess(ForkedBooter.java:115)
	at org.apache.maven.surefire.booter.ForkedBooter.main(ForkedBooter.java:75)
</failure>
    <system-out>Hibernate: select product0_.id as id1_4_, product0_.cameraСharacteristics_id as cameraсh8_4_, product0_.code as code2_4_, product0_.currency as currency3_4_, product0_.description as descript4_4_, product0_.imageUrl as imageurl5_4_, product0_.mainСharacteristics_id as mainсhar9_4_, product0_.otherСharacteristics_id as otherсh10_4_, product0_.price as price6_4_, product0_.stock as stock7_4_ from phone product0_
Hibernate: select cameraсhar0_.id as id1_0_0_, cameraсhar0_.builtCamera as builtcam2_0_0_, cameraсhar0_.diaphragm as diaphrag3_0_0_, cameraсhar0_.frontalCamera as frontalc4_0_0_, cameraсhar0_.video as video5_0_0_ from CameraСharacteristics cameraсhar0_ where cameraсhar0_.id=?
Hibernate: select mainсharac0_.id as id1_1_0_, mainсharac0_.os as os2_1_0_, mainсharac0_.osVersion as osversio3_1_0_, mainсharac0_.releaseYear as releasey4_1_0_, mainсharac0_.screenSize as screensi5_1_0_ from MainСharacteristics mainсharac0_ where mainсharac0_.id=?
Hibernate: select otherсhara0_.id as id1_3_0_, otherсhara0_.audioType as audiotyp2_3_0_, otherсhara0_.battery as battery3_3_0_, otherсhara0_.builtMemory as builtmem4_3_0_, otherсhara0_.core as core5_3_0_, otherсhara0_.cpu as cpu6_3_0_, otherсhara0_.graphics as graphics7_3_0_, otherсhara0_.material as material8_3_0_, otherсhara0_.ram as ram9_3_0_, otherсhara0_.sim as sim10_3_0_ from OtherСharacteristics otherсhara0_ where otherсhara0_.id=?
Hibernate: select cameraсhar0_.id as id1_0_0_, cameraсhar0_.builtCamera as builtcam2_0_0_, cameraсhar0_.diaphragm as diaphrag3_0_0_, cameraсhar0_.frontalCamera as frontalc4_0_0_, cameraсhar0_.video as video5_0_0_ from CameraСharacteristics cameraсhar0_ where cameraсhar0_.id=?
Hibernate: select mainсharac0_.id as id1_1_0_, mainсharac0_.os as os2_1_0_, mainсharac0_.osVersion as osversio3_1_0_, mainсharac0_.releaseYear as releasey4_1_0_, mainсharac0_.screenSize as screensi5_1_0_ from MainСharacteristics mainсharac0_ where mainсharac0_.id=?
Hibernate: select otherсhara0_.id as id1_3_0_, otherсhara0_.audioType as audiotyp2_3_0_, otherсhara0_.battery as battery3_3_0_, otherсhara0_.builtMemory as builtmem4_3_0_, otherсhara0_.core as core5_3_0_, otherсhara0_.cpu as cpu6_3_0_, otherсhara0_.graphics as graphics7_3_0_, otherсhara0_.material as material8_3_0_, otherсhara0_.ram as ram9_3_0_, otherсhara0_.sim as sim10_3_0_ from OtherСharacteristics otherсhara0_ where otherсhara0_.id=?
Hibernate: select cameraсhar0_.id as id1_0_0_, cameraсhar0_.builtCamera as builtcam2_0_0_, cameraсhar0_.diaphragm as diaphrag3_0_0_, cameraсhar0_.frontalCamera as frontalc4_0_0_, cameraсhar0_.video as video5_0_0_ from CameraСharacteristics cameraсhar0_ where cameraсhar0_.id=?
Hibernate: select mainсharac0_.id as id1_1_0_, mainсharac0_.os as os2_1_0_, mainсharac0_.osVersion as osversio3_1_0_, mainсharac0_.releaseYear as releasey4_1_0_, mainсharac0_.screenSize as screensi5_1_0_ from MainСharacteristics mainсharac0_ where mainсharac0_.id=?
Hibernate: select otherсhara0_.id as id1_3_0_, otherсhara0_.audioType as audiotyp2_3_0_, otherсhara0_.battery as battery3_3_0_, otherсhara0_.builtMemory as builtmem4_3_0_, otherсhara0_.core as core5_3_0_, otherсhara0_.cpu as cpu6_3_0_, otherсhara0_.graphics as graphics7_3_0_, otherсhara0_.material as material8_3_0_, otherсhara0_.ram as ram9_3_0_, otherсhara0_.sim as sim10_3_0_ from OtherСharacteristics otherсhara0_ where otherсhara0_.id=?
Hibernate: select cameraсhar0_.id as id1_0_0_, cameraсhar0_.builtCamera as builtcam2_0_0_, cameraсhar0_.diaphragm as diaphrag3_0_0_, cameraсhar0_.frontalCamera as frontalc4_0_0_, cameraсhar0_.video as video5_0_0_ from CameraСharacteristics cameraсhar0_ where cameraсhar0_.id=?
Hibernate: select mainсharac0_.id as id1_1_0_, mainсharac0_.os as os2_1_0_, mainсharac0_.osVersion as osversio3_1_0_, mainсharac0_.releaseYear as releasey4_1_0_, mainсharac0_.screenSize as screensi5_1_0_ from MainСharacteristics mainсharac0_ where mainсharac0_.id=?
Hibernate: select otherсhara0_.id as id1_3_0_, otherсhara0_.audioType as audiotyp2_3_0_, otherсhara0_.battery as battery3_3_0_, otherсhara0_.builtMemory as builtmem4_3_0_, otherсhara0_.core as core5_3_0_, otherсhara0_.cpu as cpu6_3_0_, otherсhara0_.graphics as graphics7_3_0_, otherсhara0_.material as material8_3_0_, otherсhara0_.ram as ram9_3_0_, otherсhara0_.sim as sim10_3_0_ from OtherСharacteristics otherсhara0_ where otherсhara0_.id=?
Hibernate: select cameraсhar0_.id as id1_0_0_, cameraсhar0_.builtCamera as builtcam2_0_0_, cameraсhar0_.diaphragm as diaphrag3_0_0_, cameraсhar0_.frontalCamera as frontalc4_0_0_, cameraсhar0_.video as video5_0_0_ from CameraСharacteristics cameraсhar0_ where cameraсhar0_.id=?
Hibernate: select mainсharac0_.id as id1_1_0_, mainсharac0_.os as os2_1_0_, mainсharac0_.osVersion as osversio3_1_0_, mainсharac0_.releaseYear as releasey4_1_0_, mainсharac0_.screenSize as screensi5_1_0_ from MainСharacteristics mainсharac0_ where mainсharac0_.id=?
Hibernate: select otherсhara0_.id as id1_3_0_, otherсhara0_.audioType as audiotyp2_3_0_, otherсhara0_.battery as battery3_3_0_, otherсhara0_.builtMemory as builtmem4_3_0_, otherсhara0_.core as core5_3_0_, otherсhara0_.cpu as cpu6_3_0_, otherсhara0_.graphics as graphics7_3_0_, otherсhara0_.material as material8_3_0_, otherсhara0_.ram as ram9_3_0_, otherсhara0_.sim as sim10_3_0_ from OtherСharacteristics otherсhara0_ where otherсhara0_.id=?
Hibernate: select cameraсhar0_.id as id1_0_0_, cameraсhar0_.builtCamera as builtcam2_0_0_, cameraсhar0_.diaphragm as diaphrag3_0_0_, cameraсhar0_.frontalCamera as frontalc4_0_0_, cameraсhar0_.video as video5_0_0_ from CameraСharacteristics cameraсhar0_ where cameraсhar0_.id=?
Hibernate: select mainсharac0_.id as id1_1_0_, mainсharac0_.os as os2_1_0_, mainсharac0_.osVersion as osversio3_1_0_, mainсharac0_.releaseYear as releasey4_1_0_, mainсharac0_.screenSize as screensi5_1_0_ from MainСharacteristics mainсharac0_ where mainсharac0_.id=?
Hibernate: select otherсhara0_.id as id1_3_0_, otherсhara0_.audioType as audiotyp2_3_0_, otherсhara0_.battery as battery3_3_0_, otherсhara0_.builtMemory as builtmem4_3_0_, otherсhara0_.core as core5_3_0_, otherсhara0_.cpu as cpu6_3_0_, otherсhara0_.graphics as graphics7_3_0_, otherсhara0_.material as material8_3_0_, otherсhara0_.ram as ram9_3_0_, otherсhara0_.sim as sim10_3_0_ from OtherСharacteristics otherсhara0_ where otherсhara0_.id=?
Hibernate: select cameraсhar0_.id as id1_0_0_, cameraсhar0_.builtCamera as builtcam2_0_0_, cameraсhar0_.diaphragm as diaphrag3_0_0_, cameraсhar0_.frontalCamera as frontalc4_0_0_, cameraсhar0_.video as video5_0_0_ from CameraСharacteristics cameraсhar0_ where cameraсhar0_.id=?
Hibernate: select mainсharac0_.id as id1_1_0_, mainсharac0_.os as os2_1_0_, mainсharac0_.osVersion as osversio3_1_0_, mainсharac0_.releaseYear as releasey4_1_0_, mainсharac0_.screenSize as screensi5_1_0_ from MainСharacteristics mainсharac0_ where mainсharac0_.id=?
Hibernate: select otherсhara0_.id as id1_3_0_, otherсhara0_.audioType as audiotyp2_3_0_, otherсhara0_.battery as battery3_3_0_, otherсhara0_.builtMemory as builtmem4_3_0_, otherсhara0_.core as core5_3_0_, otherсhara0_.cpu as cpu6_3_0_, otherсhara0_.graphics as graphics7_3_0_, otherсhara0_.material as material8_3_0_, otherсhara0_.ram as ram9_3_0_, otherсhara0_.sim as sim10_3_0_ from OtherСharacteristics otherсhara0_ where otherсhara0_.id=?
Hibernate: select cameraсhar0_.id as id1_0_0_, cameraсhar0_.builtCamera as builtcam2_0_0_, cameraсhar0_.diaphragm as diaphrag3_0_0_, cameraсhar0_.frontalCamera as frontalc4_0_0_, cameraсhar0_.video as video5_0_0_ from CameraСharacteristics cameraсhar0_ where cameraсhar0_.id=?
Hibernate: select mainсharac0_.id as id1_1_0_, mainсharac0_.os as os2_1_0_, mainсharac0_.osVersion as osversio3_1_0_, mainсharac0_.releaseYear as releasey4_1_0_, mainсharac0_.screenSize as screensi5_1_0_ from MainСharacteristics mainсharac0_ where mainсharac0_.id=?
Hibernate: select otherсhara0_.id as id1_3_0_, otherсhara0_.audioType as audiotyp2_3_0_, otherсhara0_.battery as battery3_3_0_, otherсhara0_.builtMemory as builtmem4_3_0_, otherсhara0_.core as core5_3_0_, otherсhara0_.cpu as cpu6_3_0_, otherсhara0_.graphics as graphics7_3_0_, otherсhara0_.material as material8_3_0_, otherсhara0_.ram as ram9_3_0_, otherсhara0_.sim as sim10_3_0_ from OtherСharacteristics otherсhara0_ where otherсhara0_.id=?
Hibernate: select cameraсhar0_.id as id1_0_0_, cameraсhar0_.builtCamera as builtcam2_0_0_, cameraсhar0_.diaphragm as diaphrag3_0_0_, cameraсhar0_.frontalCamera as frontalc4_0_0_, cameraсhar0_.video as video5_0_0_ from CameraСharacteristics cameraсhar0_ where cameraсhar0_.id=?
Hibernate: select mainсharac0_.id as id1_1_0_, mainсharac0_.os as os2_1_0_, mainсharac0_.osVersion as osversio3_1_0_, mainсharac0_.releaseYear as releasey4_1_0_, mainсharac0_.screenSize as screensi5_1_0_ from MainСharacteristics mainсharac0_ where mainсharac0_.id=?
Hibernate: select otherсhara0_.id as id1_3_0_, otherсhara0_.audioType as audiotyp2_3_0_, otherсhara0_.battery as battery3_3_0_, otherсhara0_.builtMemory as builtmem4_3_0_, otherсhara0_.core as core5_3_0_, otherсhara0_.cpu as cpu6_3_0_, otherсhara0_.graphics as graphics7_3_0_, otherсhara0_.material as material8_3_0_, otherсhara0_.ram as ram9_3_0_, otherсhara0_.sim as sim10_3_0_ from OtherСharacteristics otherсhara0_ where otherсhara0_.id=?
Hibernate: select cameraсhar0_.id as id1_0_0_, cameraсhar0_.builtCamera as builtcam2_0_0_, cameraсhar0_.diaphragm as diaphrag3_0_0_, cameraсhar0_.frontalCamera as frontalc4_0_0_, cameraсhar0_.video as video5_0_0_ from CameraСharacteristics cameraсhar0_ where cameraсhar0_.id=?
Hibernate: select mainсharac0_.id as id1_1_0_, mainсharac0_.os as os2_1_0_, mainсharac0_.osVersion as osversio3_1_0_, mainсharac0_.releaseYear as releasey4_1_0_, mainсharac0_.screenSize as screensi5_1_0_ from MainСharacteristics mainсharac0_ where mainсharac0_.id=?
Hibernate: select otherсhara0_.id as id1_3_0_, otherсhara0_.audioType as audiotyp2_3_0_, otherсhara0_.battery as battery3_3_0_, otherсhara0_.builtMemory as builtmem4_3_0_, otherсhara0_.core as core5_3_0_, otherсhara0_.cpu as cpu6_3_0_, otherсhara0_.graphics as graphics7_3_0_, otherсhara0_.material as material8_3_0_, otherсhara0_.ram as ram9_3_0_, otherсhara0_.sim as sim10_3_0_ from OtherСharacteristics otherсhara0_ where otherсhara0_.id=?
Hibernate: select cameraсhar0_.id as id1_0_0_, cameraсhar0_.builtCamera as builtcam2_0_0_, cameraсhar0_.diaphragm as diaphrag3_0_0_, cameraсhar0_.frontalCamera as frontalc4_0_0_, cameraсhar0_.video as video5_0_0_ from CameraСharacteristics cameraсhar0_ where cameraсhar0_.id=?
Hibernate: select mainсharac0_.id as id1_1_0_, mainсharac0_.os as os2_1_0_, mainсharac0_.osVersion as osversio3_1_0_, mainсharac0_.releaseYear as releasey4_1_0_, mainсharac0_.screenSize as screensi5_1_0_ from MainСharacteristics mainсharac0_ where mainсharac0_.id=?
Hibernate: select otherсhara0_.id as id1_3_0_, otherсhara0_.audioType as audiotyp2_3_0_, otherсhara0_.battery as battery3_3_0_, otherсhara0_.builtMemory as builtmem4_3_0_, otherсhara0_.core as core5_3_0_, otherсhara0_.cpu as cpu6_3_0_, otherсhara0_.graphics as graphics7_3_0_, otherсhara0_.material as material8_3_0_, otherсhara0_.ram as ram9_3_0_, otherсhara0_.sim as sim10_3_0_ from OtherСharacteristics otherсhara0_ where otherсhara0_.id=?
Hibernate: select cameraсhar0_.id as id1_0_0_, cameraсhar0_.builtCamera as builtcam2_0_0_, cameraсhar0_.diaphragm as diaphrag3_0_0_, cameraсhar0_.frontalCamera as frontalc4_0_0_, cameraсhar0_.video as video5_0_0_ from CameraСharacteristics cameraсhar0_ where cameraсhar0_.id=?
Hibernate: select mainсharac0_.id as id1_1_0_, mainсharac0_.os as os2_1_0_, mainсharac0_.osVersion as osversio3_1_0_, mainсharac0_.releaseYear as releasey4_1_0_, mainсharac0_.screenSize as screensi5_1_0_ from MainСharacteristics mainсharac0_ where mainсharac0_.id=?
Hibernate: select otherсhara0_.id as id1_3_0_, otherсhara0_.audioType as audiotyp2_3_0_, otherсhara0_.battery as battery3_3_0_, otherсhara0_.builtMemory as builtmem4_3_0_, otherсhara0_.core as core5_3_0_, otherсhara0_.cpu as cpu6_3_0_, otherсhara0_.graphics as graphics7_3_0_, otherсhara0_.material as material8_3_0_, otherсhara0_.ram as ram9_3_0_, otherсhara0_.sim as sim10_3_0_ from OtherСharacteristics otherсhara0_ where otherсhara0_.id=?
</system-out>
  </testcase>
  <testcase classname="com.egor.zhukovsky.phoneshop.dao.impl.AbstractDaoTest" name="testSaveObject" time="0.001">
    <error message="Unknown entity: com.egor.zhukovsky.phoneshop.model.entity.Item$MockitoMock$1986097878" type="org.hibernate.MappingException">org.hibernate.MappingException: Unknown entity: com.egor.zhukovsky.phoneshop.model.entity.Item$MockitoMock$1986097878
	at org.hibernate.metamodel.internal.MetamodelImpl.entityPersister(MetamodelImpl.java:710)
	at org.hibernate.internal.SessionImpl.getEntityPersister(SessionImpl.java:1648)
	at org.hibernate.event.internal.AbstractSaveEventListener.saveWithGeneratedId(AbstractSaveEventListener.java:114)
	at org.hibernate.event.internal.DefaultSaveOrUpdateEventListener.saveWithGeneratedOrRequestedId(DefaultSaveOrUpdateEventListener.java:194)
	at org.hibernate.event.internal.DefaultSaveEventListener.saveWithGeneratedOrRequestedId(DefaultSaveEventListener.java:38)
	at org.hibernate.event.internal.DefaultSaveOrUpdateEventListener.entityIsTransient(DefaultSaveOrUpdateEventListener.java:179)
	at org.hibernate.event.internal.DefaultSaveEventListener.performSaveOrUpdate(DefaultSaveEventListener.java:32)
	at org.hibernate.event.internal.DefaultSaveOrUpdateEventListener.onSaveOrUpdate(DefaultSaveOrUpdateEventListener.java:75)
	at org.hibernate.event.service.internal.EventListenerGroupImpl.fireEventOnEachListener(EventListenerGroupImpl.java:107)
	at org.hibernate.internal.SessionImpl.fireSave(SessionImpl.java:676)
	at org.hibernate.internal.SessionImpl.save(SessionImpl.java:669)
	at org.hibernate.internal.SessionImpl.save(SessionImpl.java:664)
	at com.egor.zhukovsky.phoneshop.dao.impl.AbstractDao.save(AbstractDao.java:55)
	at com.egor.zhukovsky.phoneshop.dao.impl.AbstractDaoTest.testSaveObject(AbstractDaoTest.java:72)
	at java.base/jdk.internal.reflect.NativeMethodAccessorImpl.invoke0(Native Method)
	at java.base/jdk.internal.reflect.NativeMethodAccessorImpl.invoke(NativeMethodAccessorImpl.java:62)
	at java.base/jdk.internal.reflect.DelegatingMethodAccessorImpl.invoke(DelegatingMethodAccessorImpl.java:43)
	at java.base/java.lang.reflect.Method.invoke(Method.java:567)
	at org.junit.runners.model.FrameworkMethod$1.runReflectiveCall(FrameworkMethod.java:50)
	at org.junit.internal.runners.model.ReflectiveCallable.run(ReflectiveCallable.java:12)
	at org.junit.runners.model.FrameworkMethod.invokeExplosively(FrameworkMethod.java:47)
	at org.junit.internal.runners.statements.InvokeMethod.evaluate(InvokeMethod.java:17)
	at org.junit.internal.runners.statements.RunBefores.evaluate(RunBefores.java:26)
	at org.junit.internal.runners.statements.RunAfters.evaluate(RunAfters.java:27)
	at org.junit.runners.ParentRunner.runLeaf(ParentRunner.java:325)
	at org.junit.runners.BlockJUnit4ClassRunner.runChild(BlockJUnit4ClassRunner.java:78)
	at org.junit.runners.BlockJUnit4ClassRunner.runChild(BlockJUnit4ClassRunner.java:57)
	at org.junit.runners.ParentRunner$3.run(ParentRunner.java:290)
	at org.junit.runners.ParentRunner$1.schedule(ParentRunner.java:71)
	at org.junit.runners.ParentRunner.runChildren(ParentRunner.java:288)
	at org.junit.runners.ParentRunner.access$000(ParentRunner.java:58)
	at org.junit.runners.ParentRunner$2.evaluate(ParentRunner.java:268)
	at org.junit.runners.ParentRunner.run(ParentRunner.java:363)
	at org.mockito.internal.runners.DefaultInternalRunner$1.run(DefaultInternalRunner.java:79)
	at org.mockito.internal.runners.DefaultInternalRunner.run(DefaultInternalRunner.java:85)
	at org.mockito.internal.runners.StrictRunner.run(StrictRunner.java:39)
	at org.mockito.junit.MockitoJUnitRunner.run(MockitoJUnitRunner.java:163)
	at org.apache.maven.surefire.junit4.JUnit4Provider.execute(JUnit4Provider.java:252)
	at org.apache.maven.surefire.junit4.JUnit4Provider.executeTestSet(JUnit4Provider.java:141)
	at org.apache.maven.surefire.junit4.JUnit4Provider.invoke(JUnit4Provider.java:112)
	at java.base/jdk.internal.reflect.NativeMethodAccessorImpl.invoke0(Native Method)
	at java.base/jdk.internal.reflect.NativeMethodAccessorImpl.invoke(NativeMethodAccessorImpl.java:62)
	at java.base/jdk.internal.reflect.DelegatingMethodAccessorImpl.invoke(DelegatingMethodAccessorImpl.java:43)
	at java.base/java.lang.reflect.Method.invoke(Method.java:567)
	at org.apache.maven.surefire.util.ReflectionUtils.invokeMethodWithArray(ReflectionUtils.java:189)
	at org.apache.maven.surefire.booter.ProviderFactory$ProviderProxy.invoke(ProviderFactory.java:165)
	at org.apache.maven.surefire.booter.ProviderFactory.invokeProvider(ProviderFactory.java:85)
	at org.apache.maven.surefire.booter.ForkedBooter.runSuitesInProcess(ForkedBooter.java:115)
	at org.apache.maven.surefire.booter.ForkedBooter.main(ForkedBooter.java:75)
</error>
  </testcase>
  <testcase classname="com.egor.zhukovsky.phoneshop.dao.impl.AbstractDaoTest" name="testSaveWithSameIdObject" time="0.002">
    <error message="Unknown entity: com.egor.zhukovsky.phoneshop.model.entity.Item$MockitoMock$1986097878" type="org.hibernate.MappingException">org.hibernate.MappingException: Unknown entity: com.egor.zhukovsky.phoneshop.model.entity.Item$MockitoMock$1986097878
	at org.hibernate.metamodel.internal.MetamodelImpl.entityPersister(MetamodelImpl.java:710)
	at org.hibernate.internal.SessionImpl.getEntityPersister(SessionImpl.java:1648)
	at org.hibernate.event.internal.AbstractSaveEventListener.saveWithGeneratedId(AbstractSaveEventListener.java:114)
	at org.hibernate.event.internal.DefaultSaveOrUpdateEventListener.saveWithGeneratedOrRequestedId(DefaultSaveOrUpdateEventListener.java:194)
	at org.hibernate.event.internal.DefaultSaveEventListener.saveWithGeneratedOrRequestedId(DefaultSaveEventListener.java:38)
	at org.hibernate.event.internal.DefaultSaveOrUpdateEventListener.entityIsTransient(DefaultSaveOrUpdateEventListener.java:179)
	at org.hibernate.event.internal.DefaultSaveEventListener.performSaveOrUpdate(DefaultSaveEventListener.java:32)
	at org.hibernate.event.internal.DefaultSaveOrUpdateEventListener.onSaveOrUpdate(DefaultSaveOrUpdateEventListener.java:75)
	at org.hibernate.event.service.internal.EventListenerGroupImpl.fireEventOnEachListener(EventListenerGroupImpl.java:107)
	at org.hibernate.internal.SessionImpl.fireSave(SessionImpl.java:676)
	at org.hibernate.internal.SessionImpl.save(SessionImpl.java:669)
	at org.hibernate.internal.SessionImpl.save(SessionImpl.java:664)
	at com.egor.zhukovsky.phoneshop.dao.impl.AbstractDao.save(AbstractDao.java:55)
	at com.egor.zhukovsky.phoneshop.dao.impl.AbstractDaoTest.testSaveWithSameIdObject(AbstractDaoTest.java:97)
	at java.base/jdk.internal.reflect.NativeMethodAccessorImpl.invoke0(Native Method)
	at java.base/jdk.internal.reflect.NativeMethodAccessorImpl.invoke(NativeMethodAccessorImpl.java:62)
	at java.base/jdk.internal.reflect.DelegatingMethodAccessorImpl.invoke(DelegatingMethodAccessorImpl.java:43)
	at java.base/java.lang.reflect.Method.invoke(Method.java:567)
	at org.junit.runners.model.FrameworkMethod$1.runReflectiveCall(FrameworkMethod.java:50)
	at org.junit.internal.runners.model.ReflectiveCallable.run(ReflectiveCallable.java:12)
	at org.junit.runners.model.FrameworkMethod.invokeExplosively(FrameworkMethod.java:47)
	at org.junit.internal.runners.statements.InvokeMethod.evaluate(InvokeMethod.java:17)
	at org.junit.internal.runners.statements.RunBefores.evaluate(RunBefores.java:26)
	at org.junit.internal.runners.statements.RunAfters.evaluate(RunAfters.java:27)
	at org.junit.runners.ParentRunner.runLeaf(ParentRunner.java:325)
	at org.junit.runners.BlockJUnit4ClassRunner.runChild(BlockJUnit4ClassRunner.java:78)
	at org.junit.runners.BlockJUnit4ClassRunner.runChild(BlockJUnit4ClassRunner.java:57)
	at org.junit.runners.ParentRunner$3.run(ParentRunner.java:290)
	at org.junit.runners.ParentRunner$1.schedule(ParentRunner.java:71)
	at org.junit.runners.ParentRunner.runChildren(ParentRunner.java:288)
	at org.junit.runners.ParentRunner.access$000(ParentRunner.java:58)
	at org.junit.runners.ParentRunner$2.evaluate(ParentRunner.java:268)
	at org.junit.runners.ParentRunner.run(ParentRunner.java:363)
	at org.mockito.internal.runners.DefaultInternalRunner$1.run(DefaultInternalRunner.java:79)
	at org.mockito.internal.runners.DefaultInternalRunner.run(DefaultInternalRunner.java:85)
	at org.mockito.internal.runners.StrictRunner.run(StrictRunner.java:39)
	at org.mockito.junit.MockitoJUnitRunner.run(MockitoJUnitRunner.java:163)
	at org.apache.maven.surefire.junit4.JUnit4Provider.execute(JUnit4Provider.java:252)
	at org.apache.maven.surefire.junit4.JUnit4Provider.executeTestSet(JUnit4Provider.java:141)
	at org.apache.maven.surefire.junit4.JUnit4Provider.invoke(JUnit4Provider.java:112)
	at java.base/jdk.internal.reflect.NativeMethodAccessorImpl.invoke0(Native Method)
	at java.base/jdk.internal.reflect.NativeMethodAccessorImpl.invoke(NativeMethodAccessorImpl.java:62)
	at java.base/jdk.internal.reflect.DelegatingMethodAccessorImpl.invoke(DelegatingMethodAccessorImpl.java:43)
	at java.base/java.lang.reflect.Method.invoke(Method.java:567)
	at org.apache.maven.surefire.util.ReflectionUtils.invokeMethodWithArray(ReflectionUtils.java:189)
	at org.apache.maven.surefire.booter.ProviderFactory$ProviderProxy.invoke(ProviderFactory.java:165)
	at org.apache.maven.surefire.booter.ProviderFactory.invokeProvider(ProviderFactory.java:85)
	at org.apache.maven.surefire.booter.ForkedBooter.runSuitesInProcess(ForkedBooter.java:115)
	at org.apache.maven.surefire.booter.ForkedBooter.main(ForkedBooter.java:75)
</error>
  </testcase>
  <testcase classname="com.egor.zhukovsky.phoneshop.dao.impl.AbstractDaoTest" name="testSaveWithoutIdObject" time="0.001">
    <error message="Unknown entity: com.egor.zhukovsky.phoneshop.model.entity.Item$MockitoMock$1986097878" type="org.hibernate.MappingException">org.hibernate.MappingException: Unknown entity: com.egor.zhukovsky.phoneshop.model.entity.Item$MockitoMock$1986097878
	at org.hibernate.metamodel.internal.MetamodelImpl.entityPersister(MetamodelImpl.java:710)
	at org.hibernate.internal.SessionImpl.getEntityPersister(SessionImpl.java:1648)
	at org.hibernate.event.internal.AbstractSaveEventListener.saveWithGeneratedId(AbstractSaveEventListener.java:114)
	at org.hibernate.event.internal.DefaultSaveOrUpdateEventListener.saveWithGeneratedOrRequestedId(DefaultSaveOrUpdateEventListener.java:194)
	at org.hibernate.event.internal.DefaultSaveEventListener.saveWithGeneratedOrRequestedId(DefaultSaveEventListener.java:38)
	at org.hibernate.event.internal.DefaultSaveOrUpdateEventListener.entityIsTransient(DefaultSaveOrUpdateEventListener.java:179)
	at org.hibernate.event.internal.DefaultSaveEventListener.performSaveOrUpdate(DefaultSaveEventListener.java:32)
	at org.hibernate.event.internal.DefaultSaveOrUpdateEventListener.onSaveOrUpdate(DefaultSaveOrUpdateEventListener.java:75)
	at org.hibernate.event.service.internal.EventListenerGroupImpl.fireEventOnEachListener(EventListenerGroupImpl.java:107)
	at org.hibernate.internal.SessionImpl.fireSave(SessionImpl.java:676)
	at org.hibernate.internal.SessionImpl.save(SessionImpl.java:669)
	at org.hibernate.internal.SessionImpl.save(SessionImpl.java:664)
	at com.egor.zhukovsky.phoneshop.dao.impl.AbstractDao.save(AbstractDao.java:55)
	at com.egor.zhukovsky.phoneshop.dao.impl.AbstractDaoTest.testSaveWithoutIdObject(AbstractDaoTest.java:91)
	at java.base/jdk.internal.reflect.NativeMethodAccessorImpl.invoke0(Native Method)
	at java.base/jdk.internal.reflect.NativeMethodAccessorImpl.invoke(NativeMethodAccessorImpl.java:62)
	at java.base/jdk.internal.reflect.DelegatingMethodAccessorImpl.invoke(DelegatingMethodAccessorImpl.java:43)
	at java.base/java.lang.reflect.Method.invoke(Method.java:567)
	at org.junit.runners.model.FrameworkMethod$1.runReflectiveCall(FrameworkMethod.java:50)
	at org.junit.internal.runners.model.ReflectiveCallable.run(ReflectiveCallable.java:12)
	at org.junit.runners.model.FrameworkMethod.invokeExplosively(FrameworkMethod.java:47)
	at org.junit.internal.runners.statements.InvokeMethod.evaluate(InvokeMethod.java:17)
	at org.junit.internal.runners.statements.RunBefores.evaluate(RunBefores.java:26)
	at org.junit.internal.runners.statements.RunAfters.evaluate(RunAfters.java:27)
	at org.junit.runners.ParentRunner.runLeaf(ParentRunner.java:325)
	at org.junit.runners.BlockJUnit4ClassRunner.runChild(BlockJUnit4ClassRunner.java:78)
	at org.junit.runners.BlockJUnit4ClassRunner.runChild(BlockJUnit4ClassRunner.java:57)
	at org.junit.runners.ParentRunner$3.run(ParentRunner.java:290)
	at org.junit.runners.ParentRunner$1.schedule(ParentRunner.java:71)
	at org.junit.runners.ParentRunner.runChildren(ParentRunner.java:288)
	at org.junit.runners.ParentRunner.access$000(ParentRunner.java:58)
	at org.junit.runners.ParentRunner$2.evaluate(ParentRunner.java:268)
	at org.junit.runners.ParentRunner.run(ParentRunner.java:363)
	at org.mockito.internal.runners.DefaultInternalRunner$1.run(DefaultInternalRunner.java:79)
	at org.mockito.internal.runners.DefaultInternalRunner.run(DefaultInternalRunner.java:85)
	at org.mockito.internal.runners.StrictRunner.run(StrictRunner.java:39)
	at org.mockito.junit.MockitoJUnitRunner.run(MockitoJUnitRunner.java:163)
	at org.apache.maven.surefire.junit4.JUnit4Provider.execute(JUnit4Provider.java:252)
	at org.apache.maven.surefire.junit4.JUnit4Provider.executeTestSet(JUnit4Provider.java:141)
	at org.apache.maven.surefire.junit4.JUnit4Provider.invoke(JUnit4Provider.java:112)
	at java.base/jdk.internal.reflect.NativeMethodAccessorImpl.invoke0(Native Method)
	at java.base/jdk.internal.reflect.NativeMethodAccessorImpl.invoke(NativeMethodAccessorImpl.java:62)
	at java.base/jdk.internal.reflect.DelegatingMethodAccessorImpl.invoke(DelegatingMethodAccessorImpl.java:43)
	at java.base/java.lang.reflect.Method.invoke(Method.java:567)
	at org.apache.maven.surefire.util.ReflectionUtils.invokeMethodWithArray(ReflectionUtils.java:189)
	at org.apache.maven.surefire.booter.ProviderFactory$ProviderProxy.invoke(ProviderFactory.java:165)
	at org.apache.maven.surefire.booter.ProviderFactory.invokeProvider(ProviderFactory.java:85)
	at org.apache.maven.surefire.booter.ForkedBooter.runSuitesInProcess(ForkedBooter.java:115)
	at org.apache.maven.surefire.booter.ForkedBooter.main(ForkedBooter.java:75)
</error>
  </testcase>
</testsuite>